Log file open, 07/05/17 11:39:33
LogInit:Display: Running engine for game: RobinHood
LogPlatformFile: Not using cached read wrapper
LogInit:Display: RandInit(-1595504290) SRandInit(-1595504290).
LogTaskGraph: Started task graph with 5 named threads and 8 total threads with 1 sets of task threads.
LogStats: Stats thread started at 0.085597
LogInit: Using libcurl 7.47.1
LogInit:  - built for x86_64-pc-win32
LogInit:  - supports SSL with OpenSSL/1.0.2g
LogInit:  - supports HTTP deflate (compression) using libz 1.2.8
LogInit:  - other features:
LogInit:      CURL_VERSION_SSL
LogInit:      CURL_VERSION_LIBZ
LogInit:      CURL_VERSION_IPV6
LogInit:      CURL_VERSION_ASYNCHDNS
LogInit:      CURL_VERSION_LARGEFILE
LogInit:      CURL_VERSION_IDN
LogInit:  CurlRequestOptions (configurable via config and command line):
LogInit:  - bVerifyPeer = false  - Libcurl will NOT verify peer certificate
LogInit:  - bUseHttpProxy = false  - Libcurl will NOT use HTTP proxy
LogInit:  - bDontReuseConnections = false  - Libcurl will reuse connections
LogInit:  - CertBundlePath = nullptr  - Libcurl will use whatever was configured at build time.
LogInit: Build: ++UE4+Release-4.16-CL-3514769
LogInit: Engine Version: 4.16.2-3514769+++UE4+Release-4.16
LogInit: Compatible Engine Version: 4.16.0-3452394+++UE4+Release-4.16
LogInit: Net CL: 3452394
LogDevObjectVersion: Number of dev versions registered: 16
LogDevObjectVersion:   Dev-Blueprints (B0D832E4-1F89-4F0D-ACCF-7EB736FD4AA2): 9
LogDevObjectVersion:   Dev-Build (E1C64328-A22C-4D53-A36C-8E866417BD8C): 0
LogDevObjectVersion:   Dev-Core (375EC13C-06E4-48FB-B500-84F0262A717E): 2
LogDevObjectVersion:   Dev-Editor (E4B068ED-F494-42E9-A231-DA0B2E46BB41): 17
LogDevObjectVersion:   Dev-Framework (CFFC743F-43B0-4480-9391-14DF171D2073): 23
LogDevObjectVersion:   Dev-Mobile (B02B49B5-BB20-44E9-A304-32B752E40360): 0
LogDevObjectVersion:   Dev-Networking (A4E4105C-59A1-49B5-A7C5-40C4547EDFEE): 0
LogDevObjectVersion:   Dev-Online (39C831C9-5AE6-47DC-9A44-9C173E1C8E7C): 0
LogDevObjectVersion:   Dev-Physics (78F01B33-EBEA-4F98-B9B4-84EACCB95AA2): 0
LogDevObjectVersion:   Dev-Platform (6631380F-2D4D-43E0-8009-CF276956A95A): 0
LogDevObjectVersion:   Dev-Rendering (12F88B9F-8875-4AFC-A67C-D90C383ABD29): 15
LogDevObjectVersion:   Dev-Sequencer (7B5AE74C-D270-4C10-A958-57980B212A5A): 4
LogDevObjectVersion:   Dev-VR (D7296918-1DD6-4BDD-9DE2-64A83CC13884): 0
LogDevObjectVersion:   Dev-LoadTimes (C2A15278-BFE7-4AFE-6C17-90FF531DF755): 1
LogDevObjectVersion:   Private-Geometry (6EACA3D4-40EC-4CC1-B786-8BED09428FC5): 1
LogDevObjectVersion:   Dev-AnimPhys (29E575DD-E0A3-4627-9D10-D276232CDCEA): 3
LogInit: Compiled (64-bit): Jun 29 2017 02:03:24
LogInit: Compiled with Visual C++: 19.00.24215.01
LogInit: Build Configuration: Development
LogInit: Branch Name: ++UE4+Release-4.16
LogInit: Command line: -EpicPortal 
LogInit: Base directory: D:/Program Data/Epic Games/UE_4.16/Engine/Binaries/Win64/
LogInit: Installed Engine Build: 1
LogInit: Presizing for max 8388607 objects, including 0 objects not considered by GC, pre-allocating 0 bytes for permanent pool.
LogInit: Object subsystem initialized
[2017.07.05-09.39.33:825][  0]LogInit: Selected Device Profile: [Windows]
[2017.07.05-09.39.33:825][  0]LogInit: Applying CVar settings loaded from the selected device profile: [Windows]
[2017.07.05-09.39.33:843][  0]LogInit: Computer: DESKTOP-I327KBI
[2017.07.05-09.39.33:843][  0]LogInit: User: vigov
[2017.07.05-09.39.33:843][  0]LogInit: CPU Page size=4096, Cores=4
[2017.07.05-09.39.33:843][  0]LogInit: High frequency timer resolution =3.507513 MHz
[2017.07.05-09.39.33:844][  0]LogMemory: Memory total: Physical=32.0GB (32GB approx)
[2017.07.05-09.39.33:844][  0]LogMemory: Platform Memory Stats for Windows
[2017.07.05-09.39.33:844][  0]LogMemory: Process Physical Memory: 272.29 MB used, 272.29 MB peak
[2017.07.05-09.39.33:844][  0]LogMemory: Process Virtual Memory: 260.94 MB used, 260.94 MB peak
[2017.07.05-09.39.33:844][  0]LogMemory: Physical Memory: 6295.20 MB used,  26424.01 MB free, 32719.20 MB total
[2017.07.05-09.39.33:844][  0]LogMemory: Virtual Memory: 638.44 MB used,  26424.01 MB free, 134217728.00 MB total
[2017.07.05-09.39.33:916][  0]LogInit: Using OS detected language (en-GB).
[2017.07.05-09.39.33:916][  0]LogInit: Using OS detected locale (en-US).
[2017.07.05-09.39.33:920][  0]LogTextLocalizationManager: No specific localization for 'en-GB' exists, so the 'en' localization will be used.
[2017.07.05-09.39.34:796][  0]LogD3D11RHI: D3D11 adapters:
[2017.07.05-09.39.34:808][  0]LogD3D11RHI:    0. 'AMD Radeon (TM) R9 200 Series' (Feature Level 11_0)
[2017.07.05-09.39.34:808][  0]LogD3D11RHI:       2029/0/16359 MB DedicatedVideo/DedicatedSystem/SharedSystem, Outputs:1, VendorId:0x1002
[2017.07.05-09.39.34:809][  0]LogD3D11RHI:    1. 'Microsoft Basic Render Driver' (Feature Level 11_0)
[2017.07.05-09.39.34:809][  0]LogD3D11RHI:       0/0/16359 MB DedicatedVideo/DedicatedSystem/SharedSystem, Outputs:0, VendorId:0x1414
[2017.07.05-09.39.34:809][  0]LogD3D11RHI: Chosen D3D11 Adapter: 0
[2017.07.05-09.39.34:814][  0]LogD3D11RHI: Creating new Direct3DDevice
[2017.07.05-09.39.34:814][  0]LogD3D11RHI:     GPU DeviceId: 0x6811 (for the marketing name, search the web for "GPU Device Id")
[2017.07.05-09.39.34:814][  0]LogWindows: EnumDisplayDevices:
[2017.07.05-09.39.34:814][  0]LogWindows:    0. 'AMD Radeon (TM) R9 200 Series' (P:1 D:1)
[2017.07.05-09.39.34:814][  0]LogWindows:    1. 'AMD Radeon (TM) R9 200 Series' (P:0 D:0)
[2017.07.05-09.39.34:814][  0]LogWindows:    2. 'AMD Radeon (TM) R9 200 Series' (P:0 D:0)
[2017.07.05-09.39.34:814][  0]LogWindows:    3. 'AMD Radeon (TM) R9 200 Series' (P:0 D:0)
[2017.07.05-09.39.34:814][  0]LogWindows:    4. 'AMD Radeon (TM) R9 200 Series' (P:0 D:0)
[2017.07.05-09.39.34:815][  0]LogWindows:    5. 'AMD Radeon (TM) R9 200 Series' (P:0 D:0)
[2017.07.05-09.39.34:815][  0]LogWindows: DebugString: FoundDriverCount:6 
[2017.07.05-09.39.34:815][  0]LogD3D11RHI:     Adapter Name: AMD Radeon (TM) R9 200 Series
[2017.07.05-09.39.34:815][  0]LogD3D11RHI:   Driver Version: Crimson ReLive 17.6.2 (internal:22.19.171.257, unified:22.19.171.257)
[2017.07.05-09.39.34:815][  0]LogD3D11RHI:      Driver Date: 6-12-2017
[2017.07.05-09.39.34:815][  0]LogRHI: Texture pool is 1361 MB (70% of 1945 MB)
[2017.07.05-09.39.34:857][  0]LogD3D11RHI: Async texture creation enabled
[2017.07.05-09.39.34:867][  0]LogD3D11RHI: GPU Timing Frequency: 27.000000 (Debug: 2 1)
[2017.07.05-09.39.34:868][  0]LogShaderCompilers: Guid format shader working directory is 4 characters bigger than the processId version (C:/Users/vigov/Documents/GitHub/RobinHood/Intermediate/Shaders/WorkingDirectory/17508/).
[2017.07.05-09.39.34:868][  0]LogShaderCompilers: Cleaned the shader compiler working directory 'C:/Users/vigov/AppData/Local/Temp/UnrealShaderWorkingDir/021E8F304F663AF23964E18EF5DA2163/'.
[2017.07.05-09.39.34:868][  0]LogShaderCompilers:Display: Using Local Shader Compiler.
[2017.07.05-09.39.35:831][  0]LogTemp:Display: Loaded TP AllDesktopTargetPlatform
[2017.07.05-09.39.35:869][  0]LogTemp:Display: Loaded TP MacClientTargetPlatform
[2017.07.05-09.39.35:908][  0]LogTemp:Display: Loaded TP MacNoEditorTargetPlatform
[2017.07.05-09.39.35:947][  0]LogTemp:Display: Loaded TP MacServerTargetPlatform
[2017.07.05-09.39.35:985][  0]LogTemp:Display: Loaded TP MacTargetPlatform
[2017.07.05-09.39.36:024][  0]LogTemp:Display: Loaded TP WindowsClientTargetPlatform
[2017.07.05-09.39.36:063][  0]LogTemp:Display: Loaded TP WindowsNoEditorTargetPlatform
[2017.07.05-09.39.36:111][  0]LogTemp:Display: Loaded TP WindowsServerTargetPlatform
[2017.07.05-09.39.36:144][  0]LogTemp:Display: Loaded TP WindowsTargetPlatform
[2017.07.05-09.39.36:183][  0]LogTemp:Display: Loaded TP AndroidTargetPlatform
[2017.07.05-09.39.36:221][  0]LogTemp:Display: Loaded TP Android_ASTCTargetPlatform
[2017.07.05-09.39.36:258][  0]LogTemp:Display: Loaded TP Android_ATCTargetPlatform
[2017.07.05-09.39.36:294][  0]LogTemp:Display: Loaded TP Android_DXTTargetPlatform
[2017.07.05-09.39.36:331][  0]LogTemp:Display: Loaded TP Android_ETC1TargetPlatform
[2017.07.05-09.39.36:367][  0]LogTemp:Display: Loaded TP Android_ETC2TargetPlatform
[2017.07.05-09.39.36:440][  0]LogTemp:Display: Loaded TP Android_MultiTargetPlatform
[2017.07.05-09.39.36:440][  0]LogTemp:Display: Loaded TP Android_PVRTCTargetPlatform
[2017.07.05-09.39.36:468][  0]LogTemp:Display: Loaded TP HTML5TargetPlatform
[2017.07.05-09.39.36:541][  0]LogTemp:Display: Loaded TP IOSTargetPlatform
[2017.07.05-09.39.36:577][  0]LogTemp:Display: Loaded TP TVOSTargetPlatform
[2017.07.05-09.39.36:613][  0]LogTemp:Display: Loaded TP LinuxClientTargetPlatform
[2017.07.05-09.39.36:650][  0]LogTemp:Display: Loaded TP LinuxNoEditorTargetPlatform
[2017.07.05-09.39.36:690][  0]LogTemp:Display: Loaded TP LinuxServerTargetPlatform
[2017.07.05-09.39.36:729][  0]LogTemp:Display: Loaded TP LinuxTargetPlatform
[2017.07.05-09.39.36:729][  0]LogTargetPlatformManager:Display: Building Assets For Windows
[2017.07.05-09.39.37:298][  0]LogDerivedDataCache:Display: Max Cache Size: 512 MB
[2017.07.05-09.39.37:383][  0]LogDerivedDataCache: Loaded boot cache 0.08s 90MB C:/Users/vigov/AppData/Local/UnrealEngine/4.16/DerivedDataCache/Boot.ddc.
[2017.07.05-09.39.37:383][  0]LogDerivedDataCache:Display: Loaded Boot cache: C:/Users/vigov/AppData/Local/UnrealEngine/4.16/DerivedDataCache/Boot.ddc
[2017.07.05-09.39.37:383][  0]LogDerivedDataCache: FDerivedDataBackendGraph:  Pak pak cache file C:/Users/vigov/Documents/GitHub/RobinHood/DerivedDataCache/DDC.ddp not found, will not use a pak cache.
[2017.07.05-09.39.37:383][  0]LogDerivedDataCache: Unable to find inner node Pak for hierarchical cache Hierarchy.
[2017.07.05-09.39.37:383][  0]LogDerivedDataCache: FDerivedDataBackendGraph:  CompressedPak pak cache file C:/Users/vigov/Documents/GitHub/RobinHood/DerivedDataCache/Compressed.ddp not found, will not use a pak cache.
[2017.07.05-09.39.37:383][  0]LogDerivedDataCache: Unable to find inner node CompressedPak for hierarchical cache Hierarchy.
[2017.07.05-09.39.37:398][  0]LogDerivedDataCache:Display: Pak cache opened for reading ../../../Engine/DerivedDataCache/Compressed.ddp.
[2017.07.05-09.39.37:409][  0]LogDerivedDataCache: Using Local data cache path C:/Users/vigov/AppData/Local/UnrealEngine/Common/DerivedDataCache: Writable
[2017.07.05-09.39.37:419][  0]LogMaterial: Verifying Global Shaders for PCD3D_SM5
[2017.07.05-09.39.37:419][  0]LogSlate: Using Freetype 2.6.0
[2017.07.05-09.39.37:419][  0]LogSlate: SlateFontCache - WITH_FREETYPE: 1, WITH_HARFBUZZ: 1
[2017.07.05-09.39.37:419][  0]LogSlate: SlateFontCache - WITH_FREETYPE: 1, WITH_HARFBUZZ: 1
[2017.07.05-09.39.37:710][  0]LogInit: Selected Device Profile: [Windows]
[2017.07.05-09.39.37:796][  0]LogContentStreaming: Texture pool size is 0.00 MB
[2017.07.05-09.39.37:937][  0]LogMeshUtilities: Using QuadricMeshReduction for automatic static mesh reduction
[2017.07.05-09.39.37:971][  0]LogSimplygon: Simplygon DLL not present - disabling.
[2017.07.05-09.39.38:013][  0]LogMeshUtilities: Using SimplygonSwarm for distributed automatic mesh merging
[2017.07.05-09.39.38:013][  0]LogMeshUtilities: No automatic skeletal mesh reduction module available
[2017.07.05-09.39.38:013][  0]LogMeshUtilities: No automatic mesh merging module available
[2017.07.05-09.39.38:498][  0]LogNetVersion: RobinHood , NetCL: 3452394, EngineNetVer: 2, GameNetVer: 0 (Checksum: 2788492747)
[2017.07.05-09.39.38:561][  0]LogAssetRegistry: FAssetRegistry took 0.0274 seconds to start up
[2017.07.05-09.39.38:618][  0]LogPackageLocalizationCache: Processed 4 localized package path(s) for 2 prioritized culture(s) in 0.042311 seconds
[2017.07.05-09.39.38:623][  0]LogUObjectArray: 34194 objects as part of root set at end of initial load.
[2017.07.05-09.39.38:623][  0]LogUObjectAllocator: 7260424 out of 0 bytes used by permanent object pool.
[2017.07.05-09.39.38:623][  0]LogUObjectArray: CloseDisregardForGC: 0/0 objects in disregard for GC pool
[2017.07.05-09.39.38:676][  0]LogInit: WinSock: version 1.1 (2.2), MaxSocks=32767, MaxUdp=65467
[2017.07.05-09.39.41:102][  0]LogTcpMessaging: Initializing TcpMessaging bridge
[2017.07.05-09.39.41:145][  0]LogUdpMessaging: Initializing bridge on interface 0.0.0.0:0 to multicast group 230.0.0.1:6666.
[2017.07.05-09.39.41:649][  0]LogMaterial: Uniform references updated for custom material expression Custom.
[2017.07.05-09.39.41:986][  0]SourceControl: Info Source control is disabled
[2017.07.05-09.39.41:987][  0]SourceControl: Info Source control is disabled
[2017.07.05-09.39.42:026][  0]SourceControl: Info Source control is disabled
[2017.07.05-09.39.42:064][  0]SourceControl: Info Source control is disabled
[2017.07.05-09.39.42:645][  0]LogAndroidPermission: UAndroidPermissionCallbackProxy::GetInstance
[2017.07.05-09.39.43:125][  0]LogEngine: Initializing Engine...
[2017.07.05-09.39.43:125][  0]LogHMD: Failed to initialize OpenVR with code 110
[2017.07.05-09.39.43:305][  0]LogStats: UGameplayTagsManager::ConstructGameplayTagTree: Construct from data asset -  0.000 s
[2017.07.05-09.39.43:306][  0]LogStats: UGameplayTagsManager::ConstructGameplayTagTree: GameplayTagTreeChangedEvent.Broadcast -  0.000 s
[2017.07.05-09.39.43:401][  0]LogAIModule: Creating AISystem for world Untitled
[2017.07.05-09.39.43:411][  0]LogInit: XAudio2 using 'Headset Earphone (Razer Kraken 7.1)' : 2 channels at 48 kHz using 16 bits per sample (channel mask 0x3)
[2017.07.05-09.39.43:432][  0]LogInit: FAudioDevice initialized.
[2017.07.05-09.39.43:471][  0]LogDerivedDataCache: Saved boot cache 0.04s 90MB C:/Users/vigov/AppData/Local/UnrealEngine/4.16/DerivedDataCache/Boot.ddc.
[2017.07.05-09.39.43:479][  0]LogInit: Texture streaming: Enabled
[2017.07.05-09.39.43:542][  0]LogEngineSessionManager: EngineSessionManager initialized
[2017.07.05-09.39.43:707][  0]LogInit: Transaction tracking system initialized
[2017.07.05-09.39.43:937][  0]BlueprintLog: New page: Editor Load
[2017.07.05-09.39.44:713][  0]LocalizationService: Info Localization service is disabled
[2017.07.05-09.39.45:246][  0]LogConsoleResponse:Display: 
[2017.07.05-09.39.45:372][  0]LogCook:Display: Max memory allowance for cook 16384mb min free memory 0mb
[2017.07.05-09.39.45:372][  0]LogCook:Display: Mobile HDR setting 1
[2017.07.05-09.39.46:160][  0]LogFileCache: Scanning file cache for directory 'C:/Users/vigov/Documents/GitHub/RobinHood/Content/' took 0.01s
[2017.07.05-09.39.46:160][  0]SourceControl: Info Source control is disabled
[2017.07.05-09.39.46:259][  0]LogFactory: FactoryCreateFile: PackFactory with PackFactory (0 0 D:/Program Data/Epic Games/UE_4.16/FeaturePacks/StarterContent.upack)
[2017.07.05-09.39.46:417][  0]LogPackFactory: Finished extracting 8 files (including 0 errors).
[2017.07.05-09.39.46:454][  0]LogPackFactory: Copied "../../../Samples/StarterContent/Content/StarterContent/Architecture/Floor_400x400.uasset" to "C:/Users/vigov/Documents/GitHub/RobinHood/Content/StarterContent/Architecture/Floor_400x400.uasset"
[2017.07.05-09.39.46:468][  0]LogPackFactory: Copied "../../../Samples/StarterContent/Content/StarterContent/Architecture/Pillar_50x500.uasset" to "C:/Users/vigov/Documents/GitHub/RobinHood/Content/StarterContent/Architecture/Pillar_50x500.uasset"
[2017.07.05-09.39.46:498][  0]LogPackFactory: Copied "../../../Samples/StarterContent/Content/StarterContent/Architecture/SM_AssetPlatform.uasset" to "C:/Users/vigov/Documents/GitHub/RobinHood/Content/StarterContent/Architecture/SM_AssetPlatform.uasset"
[2017.07.05-09.39.46:531][  0]LogPackFactory: Copied "../../../Samples/StarterContent/Content/StarterContent/Architecture/Wall_400x200.uasset" to "C:/Users/vigov/Documents/GitHub/RobinHood/Content/StarterContent/Architecture/Wall_400x200.uasset"
[2017.07.05-09.39.46:561][  0]LogPackFactory: Copied "../../../Samples/StarterContent/Content/StarterContent/Architecture/Wall_400x300.uasset" to "C:/Users/vigov/Documents/GitHub/RobinHood/Content/StarterContent/Architecture/Wall_400x300.uasset"
[2017.07.05-09.39.46:572][  0]LogPackFactory: Copied "../../../Samples/StarterContent/Content/StarterContent/Architecture/Wall_400x400.uasset" to "C:/Users/vigov/Documents/GitHub/RobinHood/Content/StarterContent/Architecture/Wall_400x400.uasset"
[2017.07.05-09.39.46:584][  0]LogPackFactory: Copied "../../../Samples/StarterContent/Content/StarterContent/Architecture/Wall_500x500.uasset" to "C:/Users/vigov/Documents/GitHub/RobinHood/Content/StarterContent/Architecture/Wall_500x500.uasset"
[2017.07.05-09.39.46:592][  0]LogPackFactory: Copied "../../../Samples/StarterContent/Content/StarterContent/Architecture/Wall_Door_400x300.uasset" to "C:/Users/vigov/Documents/GitHub/RobinHood/Content/StarterContent/Architecture/Wall_Door_400x300.uasset"
[2017.07.05-09.39.46:600][  0]LogPackFactory: Copied "../../../Samples/StarterContent/Content/StarterContent/Architecture/Wall_Door_400x400.uasset" to "C:/Users/vigov/Documents/GitHub/RobinHood/Content/StarterContent/Architecture/Wall_Door_400x400.uasset"
[2017.07.05-09.39.46:607][  0]LogPackFactory: Copied "../../../Samples/StarterContent/Content/StarterContent/Architecture/Wall_Window_400x300.uasset" to "C:/Users/vigov/Documents/GitHub/RobinHood/Content/StarterContent/Architecture/Wall_Window_400x300.uasset"
[2017.07.05-09.39.46:614][  0]LogPackFactory: Copied "../../../Samples/StarterContent/Content/StarterContent/Architecture/Wall_Window_400x400.uasset" to "C:/Users/vigov/Documents/GitHub/RobinHood/Content/StarterContent/Architecture/Wall_Window_400x400.uasset"
[2017.07.05-09.39.46:622][  0]LogPackFactory: Copied "../../../Samples/StarterContent/Content/StarterContent/Audio/Collapse01.uasset" to "C:/Users/vigov/Documents/GitHub/RobinHood/Content/StarterContent/Audio/Collapse01.uasset"
[2017.07.05-09.39.46:631][  0]LogPackFactory: Copied "../../../Samples/StarterContent/Content/StarterContent/Audio/Collapse02.uasset" to "C:/Users/vigov/Documents/GitHub/RobinHood/Content/StarterContent/Audio/Collapse02.uasset"
[2017.07.05-09.39.46:652][  0]LogPackFactory: Copied "../../../Samples/StarterContent/Content/StarterContent/Audio/Collapse_Cue.uasset" to "C:/Users/vigov/Documents/GitHub/RobinHood/Content/StarterContent/Audio/Collapse_Cue.uasset"
[2017.07.05-09.39.46:659][  0]LogPackFactory: Copied "../../../Samples/StarterContent/Content/StarterContent/Audio/Explosion01.uasset" to "C:/Users/vigov/Documents/GitHub/RobinHood/Content/StarterContent/Audio/Explosion01.uasset"
[2017.07.05-09.39.46:667][  0]LogPackFactory: Copied "../../../Samples/StarterContent/Content/StarterContent/Audio/Explosion02.uasset" to "C:/Users/vigov/Documents/GitHub/RobinHood/Content/StarterContent/Audio/Explosion02.uasset"
[2017.07.05-09.39.46:671][  0]LogPackFactory: Copied "../../../Samples/StarterContent/Content/StarterContent/Audio/Explosion_Cue.uasset" to "C:/Users/vigov/Documents/GitHub/RobinHood/Content/StarterContent/Audio/Explosion_Cue.uasset"
[2017.07.05-09.39.46:703][  0]LogPackFactory: Copied "../../../Samples/StarterContent/Content/StarterContent/Audio/Fire01.uasset" to "C:/Users/vigov/Documents/GitHub/RobinHood/Content/StarterContent/Audio/Fire01.uasset"
[2017.07.05-09.39.46:715][  0]LogPackFactory: Copied "../../../Samples/StarterContent/Content/StarterContent/Audio/Fire01_Cue.uasset" to "C:/Users/vigov/Documents/GitHub/RobinHood/Content/StarterContent/Audio/Fire01_Cue.uasset"
[2017.07.05-09.39.46:730][  0]LogPackFactory: Copied "../../../Samples/StarterContent/Content/StarterContent/Audio/Fire_Sparks01.uasset" to "C:/Users/vigov/Documents/GitHub/RobinHood/Content/StarterContent/Audio/Fire_Sparks01.uasset"
[2017.07.05-09.39.46:734][  0]LogPackFactory: Copied "../../../Samples/StarterContent/Content/StarterContent/Audio/Fire_Sparks01_Cue.uasset" to "C:/Users/vigov/Documents/GitHub/RobinHood/Content/StarterContent/Audio/Fire_Sparks01_Cue.uasset"
[2017.07.05-09.39.46:742][  0]LogPackFactory: Copied "../../../Samples/StarterContent/Content/StarterContent/Audio/Light01.uasset" to "C:/Users/vigov/Documents/GitHub/RobinHood/Content/StarterContent/Audio/Light01.uasset"
[2017.07.05-09.39.46:771][  0]LogPackFactory: Copied "../../../Samples/StarterContent/Content/StarterContent/Audio/Light01_Cue.uasset" to "C:/Users/vigov/Documents/GitHub/RobinHood/Content/StarterContent/Audio/Light01_Cue.uasset"
[2017.07.05-09.39.46:801][  0]LogPackFactory: Copied "../../../Samples/StarterContent/Content/StarterContent/Audio/Light02.uasset" to "C:/Users/vigov/Documents/GitHub/RobinHood/Content/StarterContent/Audio/Light02.uasset"
[2017.07.05-09.39.46:805][  0]LogPackFactory: Copied "../../../Samples/StarterContent/Content/StarterContent/Audio/Light02_Cue.uasset" to "C:/Users/vigov/Documents/GitHub/RobinHood/Content/StarterContent/Audio/Light02_Cue.uasset"
[2017.07.05-09.39.46:829][  0]LogPackFactory: Copied "../../../Samples/StarterContent/Content/StarterContent/Audio/Smoke01.uasset" to "C:/Users/vigov/Documents/GitHub/RobinHood/Content/StarterContent/Audio/Smoke01.uasset"
[2017.07.05-09.39.46:839][  0]LogPackFactory: Copied "../../../Samples/StarterContent/Content/StarterContent/Audio/Smoke01_Cue.uasset" to "C:/Users/vigov/Documents/GitHub/RobinHood/Content/StarterContent/Audio/Smoke01_Cue.uasset"
[2017.07.05-09.39.46:845][  0]LogPackFactory: Copied "../../../Samples/StarterContent/Content/StarterContent/Audio/Starter_Background_Cue.uasset" to "C:/Users/vigov/Documents/GitHub/RobinHood/Content/StarterContent/Audio/Starter_Background_Cue.uasset"
[2017.07.05-09.39.46:871][  0]LogPackFactory: Copied "../../../Samples/StarterContent/Content/StarterContent/Audio/Starter_Birds01.uasset" to "C:/Users/vigov/Documents/GitHub/RobinHood/Content/StarterContent/Audio/Starter_Birds01.uasset"
[2017.07.05-09.39.46:979][  0]LogPackFactory: Copied "../../../Samples/StarterContent/Content/StarterContent/Audio/Starter_Music01.uasset" to "C:/Users/vigov/Documents/GitHub/RobinHood/Content/StarterContent/Audio/Starter_Music01.uasset"
[2017.07.05-09.39.47:002][  0]LogPackFactory: Copied "../../../Samples/StarterContent/Content/StarterContent/Audio/Starter_Music_Cue.uasset" to "C:/Users/vigov/Documents/GitHub/RobinHood/Content/StarterContent/Audio/Starter_Music_Cue.uasset"
[2017.07.05-09.39.47:045][  0]LogPackFactory: Copied "../../../Samples/StarterContent/Content/StarterContent/Audio/Starter_Wind05.uasset" to "C:/Users/vigov/Documents/GitHub/RobinHood/Content/StarterContent/Audio/Starter_Wind05.uasset"
[2017.07.05-09.39.47:120][  0]LogPackFactory: Copied "../../../Samples/StarterContent/Content/StarterContent/Audio/Starter_Wind06.uasset" to "C:/Users/vigov/Documents/GitHub/RobinHood/Content/StarterContent/Audio/Starter_Wind06.uasset"
[2017.07.05-09.39.47:151][  0]LogPackFactory: Copied "../../../Samples/StarterContent/Content/StarterContent/Audio/Steam01.uasset" to "C:/Users/vigov/Documents/GitHub/RobinHood/Content/StarterContent/Audio/Steam01.uasset"
[2017.07.05-09.39.47:182][  0]LogPackFactory: Copied "../../../Samples/StarterContent/Content/StarterContent/Audio/Steam01_Cue.uasset" to "C:/Users/vigov/Documents/GitHub/RobinHood/Content/StarterContent/Audio/Steam01_Cue.uasset"
[2017.07.05-09.39.47:229][  0]LogPackFactory: Copied "../../../Samples/StarterContent/Content/StarterContent/Blueprints/Blueprint_CeilingLight.uasset" to "C:/Users/vigov/Documents/GitHub/RobinHood/Content/StarterContent/Blueprints/Blueprint_CeilingLight.uasset"
[2017.07.05-09.39.47:244][  0]LogPackFactory: Copied "../../../Samples/StarterContent/Content/StarterContent/Blueprints/Blueprint_Effect_Explosion.uasset" to "C:/Users/vigov/Documents/GitHub/RobinHood/Content/StarterContent/Blueprints/Blueprint_Effect_Explosion.uasset"
[2017.07.05-09.39.47:258][  0]LogPackFactory: Copied "../../../Samples/StarterContent/Content/StarterContent/Blueprints/Blueprint_Effect_Fire.uasset" to "C:/Users/vigov/Documents/GitHub/RobinHood/Content/StarterContent/Blueprints/Blueprint_Effect_Fire.uasset"
[2017.07.05-09.39.47:276][  0]LogPackFactory: Copied "../../../Samples/StarterContent/Content/StarterContent/Blueprints/Blueprint_Effect_Smoke.uasset" to "C:/Users/vigov/Documents/GitHub/RobinHood/Content/StarterContent/Blueprints/Blueprint_Effect_Smoke.uasset"
[2017.07.05-09.39.47:302][  0]LogPackFactory: Copied "../../../Samples/StarterContent/Content/StarterContent/Blueprints/Blueprint_Effect_Sparks.uasset" to "C:/Users/vigov/Documents/GitHub/RobinHood/Content/StarterContent/Blueprints/Blueprint_Effect_Sparks.uasset"
[2017.07.05-09.39.47:316][  0]LogPackFactory: Copied "../../../Samples/StarterContent/Content/StarterContent/Blueprints/Blueprint_Effect_Steam.uasset" to "C:/Users/vigov/Documents/GitHub/RobinHood/Content/StarterContent/Blueprints/Blueprint_Effect_Steam.uasset"
[2017.07.05-09.39.47:331][  0]LogPackFactory: Copied "../../../Samples/StarterContent/Content/StarterContent/Blueprints/Blueprint_WallSconce.uasset" to "C:/Users/vigov/Documents/GitHub/RobinHood/Content/StarterContent/Blueprints/Blueprint_WallSconce.uasset"
[2017.07.05-09.39.47:349][  0]LogPackFactory: Copied "../../../Samples/StarterContent/Content/StarterContent/Blueprints/BP_LightStudio.uasset" to "C:/Users/vigov/Documents/GitHub/RobinHood/Content/StarterContent/Blueprints/BP_LightStudio.uasset"
[2017.07.05-09.39.47:354][  0]LogPackFactory: Copied "../../../Samples/StarterContent/Content/StarterContent/Blueprints/Assets/FogBrightnessLUT.uasset" to "C:/Users/vigov/Documents/GitHub/RobinHood/Content/StarterContent/Blueprints/Assets/FogBrightnessLUT.uasset"
[2017.07.05-09.39.47:363][  0]LogPackFactory: Copied "../../../Samples/StarterContent/Content/StarterContent/Blueprints/Assets/M_LightStage_Arrows.uasset" to "C:/Users/vigov/Documents/GitHub/RobinHood/Content/StarterContent/Blueprints/Assets/M_LightStage_Arrows.uasset"
[2017.07.05-09.39.47:371][  0]LogPackFactory: Copied "../../../Samples/StarterContent/Content/StarterContent/Blueprints/Assets/M_LightStage_Skybox_Black.uasset" to "C:/Users/vigov/Documents/GitHub/RobinHood/Content/StarterContent/Blueprints/Assets/M_LightStage_Skybox_Black.uasset"
[2017.07.05-09.39.47:379][  0]LogPackFactory: Copied "../../../Samples/StarterContent/Content/StarterContent/Blueprints/Assets/M_LightStage_Skybox_HDRI.uasset" to "C:/Users/vigov/Documents/GitHub/RobinHood/Content/StarterContent/Blueprints/Assets/M_LightStage_Skybox_HDRI.uasset"
[2017.07.05-09.39.47:386][  0]LogPackFactory: Copied "../../../Samples/StarterContent/Content/StarterContent/Blueprints/Assets/M_LightStage_Skybox_Master.uasset" to "C:/Users/vigov/Documents/GitHub/RobinHood/Content/StarterContent/Blueprints/Assets/M_LightStage_Skybox_Master.uasset"
[2017.07.05-09.39.47:396][  0]LogPackFactory: Copied "../../../Samples/StarterContent/Content/StarterContent/Blueprints/Assets/Skybox.uasset" to "C:/Users/vigov/Documents/GitHub/RobinHood/Content/StarterContent/Blueprints/Assets/Skybox.uasset"
[2017.07.05-09.39.47:418][  0]LogPackFactory: Copied "../../../Samples/StarterContent/Content/StarterContent/Blueprints/Assets/SM_Arrows.uasset" to "C:/Users/vigov/Documents/GitHub/RobinHood/Content/StarterContent/Blueprints/Assets/SM_Arrows.uasset"
[2017.07.05-09.39.47:428][  0]LogPackFactory: Copied "../../../Samples/StarterContent/Content/StarterContent/Blueprints/Assets/SunlightColorLUT.uasset" to "C:/Users/vigov/Documents/GitHub/RobinHood/Content/StarterContent/Blueprints/Assets/SunlightColorLUT.uasset"
[2017.07.05-09.39.49:381][  0]LogPackFactory: Copied "../../../Samples/StarterContent/Content/StarterContent/HDRI/HDRI_Epic_Courtyard_Daylight.uasset" to "C:/Users/vigov/Documents/GitHub/RobinHood/Content/StarterContent/HDRI/HDRI_Epic_Courtyard_Daylight.uasset"
[2017.07.05-09.39.49:403][  0]LogPackFactory: Copied "../../../Samples/StarterContent/Content/StarterContent/Maps/Advanced_Lighting.umap" to "C:/Users/vigov/Documents/GitHub/RobinHood/Content/StarterContent/Maps/Advanced_Lighting.umap"
[2017.07.05-09.39.49:421][  0]LogPackFactory: Copied "../../../Samples/StarterContent/Content/StarterContent/Maps/Advanced_Lighting_BuiltData.uasset" to "C:/Users/vigov/Documents/GitHub/RobinHood/Content/StarterContent/Maps/Advanced_Lighting_BuiltData.uasset"
[2017.07.05-09.39.49:486][  0]LogPackFactory: Copied "../../../Samples/StarterContent/Content/StarterContent/Maps/Minimal_Default.umap" to "C:/Users/vigov/Documents/GitHub/RobinHood/Content/StarterContent/Maps/Minimal_Default.umap"
[2017.07.05-09.39.49:504][  0]LogPackFactory: Copied "../../../Samples/StarterContent/Content/StarterContent/Maps/Minimal_Default_BuiltData.uasset" to "C:/Users/vigov/Documents/GitHub/RobinHood/Content/StarterContent/Maps/Minimal_Default_BuiltData.uasset"
[2017.07.05-09.39.49:572][  0]LogPackFactory: Copied "../../../Samples/StarterContent/Content/StarterContent/Maps/StarterMap.umap" to "C:/Users/vigov/Documents/GitHub/RobinHood/Content/StarterContent/Maps/StarterMap.umap"
[2017.07.05-09.39.49:687][  0]LogPackFactory: Copied "../../../Samples/StarterContent/Content/StarterContent/Maps/StarterMap_BuiltData.uasset" to "C:/Users/vigov/Documents/GitHub/RobinHood/Content/StarterContent/Maps/StarterMap_BuiltData.uasset"
[2017.07.05-09.39.49:772][  0]LogPackFactory: Copied "../../../Samples/StarterContent/Content/StarterContent/Materials/M_AssetPlatform.uasset" to "C:/Users/vigov/Documents/GitHub/RobinHood/Content/StarterContent/Materials/M_AssetPlatform.uasset"
[2017.07.05-09.39.49:820][  0]LogPackFactory: Copied "../../../Samples/StarterContent/Content/StarterContent/Materials/M_Basic_Floor.uasset" to "C:/Users/vigov/Documents/GitHub/RobinHood/Content/StarterContent/Materials/M_Basic_Floor.uasset"
[2017.07.05-09.39.49:864][  0]LogPackFactory: Copied "../../../Samples/StarterContent/Content/StarterContent/Materials/M_Basic_Wall.uasset" to "C:/Users/vigov/Documents/GitHub/RobinHood/Content/StarterContent/Materials/M_Basic_Wall.uasset"
[2017.07.05-09.39.49:896][  0]LogPackFactory: Copied "../../../Samples/StarterContent/Content/StarterContent/Materials/M_Brick_Clay_Beveled.uasset" to "C:/Users/vigov/Documents/GitHub/RobinHood/Content/StarterContent/Materials/M_Brick_Clay_Beveled.uasset"
[2017.07.05-09.39.49:928][  0]LogPackFactory: Copied "../../../Samples/StarterContent/Content/StarterContent/Materials/M_Brick_Clay_New.uasset" to "C:/Users/vigov/Documents/GitHub/RobinHood/Content/StarterContent/Materials/M_Brick_Clay_New.uasset"
[2017.07.05-09.39.49:966][  0]LogPackFactory: Copied "../../../Samples/StarterContent/Content/StarterContent/Materials/M_Brick_Clay_Old.uasset" to "C:/Users/vigov/Documents/GitHub/RobinHood/Content/StarterContent/Materials/M_Brick_Clay_Old.uasset"
[2017.07.05-09.39.49:993][  0]LogPackFactory: Copied "../../../Samples/StarterContent/Content/StarterContent/Materials/M_Brick_Cut_Stone.uasset" to "C:/Users/vigov/Documents/GitHub/RobinHood/Content/StarterContent/Materials/M_Brick_Cut_Stone.uasset"
[2017.07.05-09.39.50:029][  0]LogPackFactory: Copied "../../../Samples/StarterContent/Content/StarterContent/Materials/M_Brick_Hewn_Stone.uasset" to "C:/Users/vigov/Documents/GitHub/RobinHood/Content/StarterContent/Materials/M_Brick_Hewn_Stone.uasset"
[2017.07.05-09.39.50:069][  0]LogPackFactory: Copied "../../../Samples/StarterContent/Content/StarterContent/Materials/M_Ceramic_Tile_Checker.uasset" to "C:/Users/vigov/Documents/GitHub/RobinHood/Content/StarterContent/Materials/M_Ceramic_Tile_Checker.uasset"
[2017.07.05-09.39.50:093][  0]LogPackFactory: Copied "../../../Samples/StarterContent/Content/StarterContent/Materials/M_CobbleStone_Pebble.uasset" to "C:/Users/vigov/Documents/GitHub/RobinHood/Content/StarterContent/Materials/M_CobbleStone_Pebble.uasset"
[2017.07.05-09.39.50:132][  0]LogPackFactory: Copied "../../../Samples/StarterContent/Content/StarterContent/Materials/M_CobbleStone_Rough.uasset" to "C:/Users/vigov/Documents/GitHub/RobinHood/Content/StarterContent/Materials/M_CobbleStone_Rough.uasset"
[2017.07.05-09.39.50:155][  0]LogPackFactory: Copied "../../../Samples/StarterContent/Content/StarterContent/Materials/M_CobbleStone_Smooth.uasset" to "C:/Users/vigov/Documents/GitHub/RobinHood/Content/StarterContent/Materials/M_CobbleStone_Smooth.uasset"
[2017.07.05-09.39.50:182][  0]LogPackFactory: Copied "../../../Samples/StarterContent/Content/StarterContent/Materials/M_ColorGrid_LowSpec.uasset" to "C:/Users/vigov/Documents/GitHub/RobinHood/Content/StarterContent/Materials/M_ColorGrid_LowSpec.uasset"
[2017.07.05-09.39.50:216][  0]LogPackFactory: Copied "../../../Samples/StarterContent/Content/StarterContent/Materials/M_Concrete_Grime.uasset" to "C:/Users/vigov/Documents/GitHub/RobinHood/Content/StarterContent/Materials/M_Concrete_Grime.uasset"
[2017.07.05-09.39.50:247][  0]LogPackFactory: Copied "../../../Samples/StarterContent/Content/StarterContent/Materials/M_Concrete_Panels.uasset" to "C:/Users/vigov/Documents/GitHub/RobinHood/Content/StarterContent/Materials/M_Concrete_Panels.uasset"
[2017.07.05-09.39.50:273][  0]LogPackFactory: Copied "../../../Samples/StarterContent/Content/StarterContent/Materials/M_Concrete_Poured.uasset" to "C:/Users/vigov/Documents/GitHub/RobinHood/Content/StarterContent/Materials/M_Concrete_Poured.uasset"
[2017.07.05-09.39.50:314][  0]LogPackFactory: Copied "../../../Samples/StarterContent/Content/StarterContent/Materials/M_Concrete_Tiles.uasset" to "C:/Users/vigov/Documents/GitHub/RobinHood/Content/StarterContent/Materials/M_Concrete_Tiles.uasset"
[2017.07.05-09.39.50:327][  0]LogPackFactory: Copied "../../../Samples/StarterContent/Content/StarterContent/Materials/M_Glass.uasset" to "C:/Users/vigov/Documents/GitHub/RobinHood/Content/StarterContent/Materials/M_Glass.uasset"
[2017.07.05-09.39.50:349][  0]LogPackFactory: Copied "../../../Samples/StarterContent/Content/StarterContent/Materials/M_Ground_Grass.uasset" to "C:/Users/vigov/Documents/GitHub/RobinHood/Content/StarterContent/Materials/M_Ground_Grass.uasset"
[2017.07.05-09.39.50:374][  0]LogPackFactory: Copied "../../../Samples/StarterContent/Content/StarterContent/Materials/M_Ground_Gravel.uasset" to "C:/Users/vigov/Documents/GitHub/RobinHood/Content/StarterContent/Materials/M_Ground_Gravel.uasset"
[2017.07.05-09.39.50:401][  0]LogPackFactory: Copied "../../../Samples/StarterContent/Content/StarterContent/Materials/M_Ground_Moss.uasset" to "C:/Users/vigov/Documents/GitHub/RobinHood/Content/StarterContent/Materials/M_Ground_Moss.uasset"
[2017.07.05-09.39.50:424][  0]LogPackFactory: Copied "../../../Samples/StarterContent/Content/StarterContent/Materials/M_Metal_Brushed_Nickel.uasset" to "C:/Users/vigov/Documents/GitHub/RobinHood/Content/StarterContent/Materials/M_Metal_Brushed_Nickel.uasset"
[2017.07.05-09.39.50:452][  0]LogPackFactory: Copied "../../../Samples/StarterContent/Content/StarterContent/Materials/M_Metal_Burnished_Steel.uasset" to "C:/Users/vigov/Documents/GitHub/RobinHood/Content/StarterContent/Materials/M_Metal_Burnished_Steel.uasset"
[2017.07.05-09.39.50:463][  0]LogPackFactory: Copied "../../../Samples/StarterContent/Content/StarterContent/Materials/M_Metal_Chrome.uasset" to "C:/Users/vigov/Documents/GitHub/RobinHood/Content/StarterContent/Materials/M_Metal_Chrome.uasset"
[2017.07.05-09.39.50:486][  0]LogPackFactory: Copied "../../../Samples/StarterContent/Content/StarterContent/Materials/M_Metal_Copper.uasset" to "C:/Users/vigov/Documents/GitHub/RobinHood/Content/StarterContent/Materials/M_Metal_Copper.uasset"
[2017.07.05-09.39.50:498][  0]LogPackFactory: Copied "../../../Samples/StarterContent/Content/StarterContent/Materials/M_Metal_Gold.uasset" to "C:/Users/vigov/Documents/GitHub/RobinHood/Content/StarterContent/Materials/M_Metal_Gold.uasset"
[2017.07.05-09.39.50:521][  0]LogPackFactory: Copied "../../../Samples/StarterContent/Content/StarterContent/Materials/M_Metal_Rust.uasset" to "C:/Users/vigov/Documents/GitHub/RobinHood/Content/StarterContent/Materials/M_Metal_Rust.uasset"
[2017.07.05-09.39.50:551][  0]LogPackFactory: Copied "../../../Samples/StarterContent/Content/StarterContent/Materials/M_Metal_Steel.uasset" to "C:/Users/vigov/Documents/GitHub/RobinHood/Content/StarterContent/Materials/M_Metal_Steel.uasset"
[2017.07.05-09.39.50:576][  0]LogPackFactory: Copied "../../../Samples/StarterContent/Content/StarterContent/Materials/M_Rock_Basalt.uasset" to "C:/Users/vigov/Documents/GitHub/RobinHood/Content/StarterContent/Materials/M_Rock_Basalt.uasset"
[2017.07.05-09.39.50:598][  0]LogPackFactory: Copied "../../../Samples/StarterContent/Content/StarterContent/Materials/M_Rock_Marble_Polished.uasset" to "C:/Users/vigov/Documents/GitHub/RobinHood/Content/StarterContent/Materials/M_Rock_Marble_Polished.uasset"
[2017.07.05-09.39.50:631][  0]LogPackFactory: Copied "../../../Samples/StarterContent/Content/StarterContent/Materials/M_Rock_Sandstone.uasset" to "C:/Users/vigov/Documents/GitHub/RobinHood/Content/StarterContent/Materials/M_Rock_Sandstone.uasset"
[2017.07.05-09.39.50:651][  0]LogPackFactory: Copied "../../../Samples/StarterContent/Content/StarterContent/Materials/M_Rock_Slate.uasset" to "C:/Users/vigov/Documents/GitHub/RobinHood/Content/StarterContent/Materials/M_Rock_Slate.uasset"
[2017.07.05-09.39.50:659][  0]LogPackFactory: Copied "../../../Samples/StarterContent/Content/StarterContent/Materials/M_Tech_Checker_Dot.uasset" to "C:/Users/vigov/Documents/GitHub/RobinHood/Content/StarterContent/Materials/M_Tech_Checker_Dot.uasset"
[2017.07.05-09.39.50:691][  0]LogPackFactory: Copied "../../../Samples/StarterContent/Content/StarterContent/Materials/M_Tech_Hex_Tile.uasset" to "C:/Users/vigov/Documents/GitHub/RobinHood/Content/StarterContent/Materials/M_Tech_Hex_Tile.uasset"
[2017.07.05-09.39.50:712][  0]LogPackFactory: Copied "../../../Samples/StarterContent/Content/StarterContent/Materials/M_Tech_Hex_Tile_Pulse.uasset" to "C:/Users/vigov/Documents/GitHub/RobinHood/Content/StarterContent/Materials/M_Tech_Hex_Tile_Pulse.uasset"
[2017.07.05-09.39.50:741][  0]LogPackFactory: Copied "../../../Samples/StarterContent/Content/StarterContent/Materials/M_Tech_Panel.uasset" to "C:/Users/vigov/Documents/GitHub/RobinHood/Content/StarterContent/Materials/M_Tech_Panel.uasset"
[2017.07.05-09.39.50:758][  0]LogPackFactory: Copied "../../../Samples/StarterContent/Content/StarterContent/Materials/M_Water_Lake.uasset" to "C:/Users/vigov/Documents/GitHub/RobinHood/Content/StarterContent/Materials/M_Water_Lake.uasset"
[2017.07.05-09.39.50:787][  0]LogPackFactory: Copied "../../../Samples/StarterContent/Content/StarterContent/Materials/M_Water_Ocean.uasset" to "C:/Users/vigov/Documents/GitHub/RobinHood/Content/StarterContent/Materials/M_Water_Ocean.uasset"
[2017.07.05-09.39.50:814][  0]LogPackFactory: Copied "../../../Samples/StarterContent/Content/StarterContent/Materials/M_Wood_Floor_Walnut_Polished.uasset" to "C:/Users/vigov/Documents/GitHub/RobinHood/Content/StarterContent/Materials/M_Wood_Floor_Walnut_Polished.uasset"
[2017.07.05-09.39.50:848][  0]LogPackFactory: Copied "../../../Samples/StarterContent/Content/StarterContent/Materials/M_Wood_Floor_Walnut_Worn.uasset" to "C:/Users/vigov/Documents/GitHub/RobinHood/Content/StarterContent/Materials/M_Wood_Floor_Walnut_Worn.uasset"
[2017.07.05-09.39.50:856][  0]LogPackFactory: Copied "../../../Samples/StarterContent/Content/StarterContent/Materials/M_Wood_Oak.uasset" to "C:/Users/vigov/Documents/GitHub/RobinHood/Content/StarterContent/Materials/M_Wood_Oak.uasset"
[2017.07.05-09.39.50:883][  0]LogPackFactory: Copied "../../../Samples/StarterContent/Content/StarterContent/Materials/M_Wood_Pine.uasset" to "C:/Users/vigov/Documents/GitHub/RobinHood/Content/StarterContent/Materials/M_Wood_Pine.uasset"
[2017.07.05-09.39.50:901][  0]LogPackFactory: Copied "../../../Samples/StarterContent/Content/StarterContent/Materials/M_Wood_Walnut.uasset" to "C:/Users/vigov/Documents/GitHub/RobinHood/Content/StarterContent/Materials/M_Wood_Walnut.uasset"
[2017.07.05-09.39.50:923][  0]LogPackFactory: Copied "../../../Samples/StarterContent/Content/StarterContent/Particles/P_Ambient_Dust.uasset" to "C:/Users/vigov/Documents/GitHub/RobinHood/Content/StarterContent/Particles/P_Ambient_Dust.uasset"
[2017.07.05-09.39.50:949][  0]LogPackFactory: Copied "../../../Samples/StarterContent/Content/StarterContent/Particles/P_Explosion.uasset" to "C:/Users/vigov/Documents/GitHub/RobinHood/Content/StarterContent/Particles/P_Explosion.uasset"
[2017.07.05-09.39.50:975][  0]LogPackFactory: Copied "../../../Samples/StarterContent/Content/StarterContent/Particles/P_Fire.uasset" to "C:/Users/vigov/Documents/GitHub/RobinHood/Content/StarterContent/Particles/P_Fire.uasset"
[2017.07.05-09.39.51:009][  0]LogPackFactory: Copied "../../../Samples/StarterContent/Content/StarterContent/Particles/P_Smoke.uasset" to "C:/Users/vigov/Documents/GitHub/RobinHood/Content/StarterContent/Particles/P_Smoke.uasset"
[2017.07.05-09.39.51:028][  0]LogPackFactory: Copied "../../../Samples/StarterContent/Content/StarterContent/Particles/P_Sparks.uasset" to "C:/Users/vigov/Documents/GitHub/RobinHood/Content/StarterContent/Particles/P_Sparks.uasset"
[2017.07.05-09.39.51:051][  0]LogPackFactory: Copied "../../../Samples/StarterContent/Content/StarterContent/Particles/P_Steam_Lit.uasset" to "C:/Users/vigov/Documents/GitHub/RobinHood/Content/StarterContent/Particles/P_Steam_Lit.uasset"
[2017.07.05-09.39.51:070][  0]LogPackFactory: Copied "../../../Samples/StarterContent/Content/StarterContent/Particles/Materials/M_Burst.uasset" to "C:/Users/vigov/Documents/GitHub/RobinHood/Content/StarterContent/Particles/Materials/M_Burst.uasset"
[2017.07.05-09.39.51:093][  0]LogPackFactory: Copied "../../../Samples/StarterContent/Content/StarterContent/Particles/Materials/M_Dust_Particle.uasset" to "C:/Users/vigov/Documents/GitHub/RobinHood/Content/StarterContent/Particles/Materials/M_Dust_Particle.uasset"
[2017.07.05-09.39.51:114][  0]LogPackFactory: Copied "../../../Samples/StarterContent/Content/StarterContent/Particles/Materials/M_explosion_subUV.uasset" to "C:/Users/vigov/Documents/GitHub/RobinHood/Content/StarterContent/Particles/Materials/M_explosion_subUV.uasset"
[2017.07.05-09.39.51:139][  0]LogPackFactory: Copied "../../../Samples/StarterContent/Content/StarterContent/Particles/Materials/M_Fire_SubUV.uasset" to "C:/Users/vigov/Documents/GitHub/RobinHood/Content/StarterContent/Particles/Materials/M_Fire_SubUV.uasset"
[2017.07.05-09.39.51:158][  0]LogPackFactory: Copied "../../../Samples/StarterContent/Content/StarterContent/Particles/Materials/m_flare_01.uasset" to "C:/Users/vigov/Documents/GitHub/RobinHood/Content/StarterContent/Particles/Materials/m_flare_01.uasset"
[2017.07.05-09.39.51:175][  0]LogPackFactory: Copied "../../../Samples/StarterContent/Content/StarterContent/Particles/Materials/M_Heat_Distortion.uasset" to "C:/Users/vigov/Documents/GitHub/RobinHood/Content/StarterContent/Particles/Materials/M_Heat_Distortion.uasset"
[2017.07.05-09.39.51:198][  0]LogPackFactory: Copied "../../../Samples/StarterContent/Content/StarterContent/Particles/Materials/M_Radial_Gradient.uasset" to "C:/Users/vigov/Documents/GitHub/RobinHood/Content/StarterContent/Particles/Materials/M_Radial_Gradient.uasset"
[2017.07.05-09.39.51:230][  0]LogPackFactory: Copied "../../../Samples/StarterContent/Content/StarterContent/Particles/Materials/M_radial_ramp.uasset" to "C:/Users/vigov/Documents/GitHub/RobinHood/Content/StarterContent/Particles/Materials/M_radial_ramp.uasset"
[2017.07.05-09.39.51:250][  0]LogPackFactory: Copied "../../../Samples/StarterContent/Content/StarterContent/Particles/Materials/M_smoke_subUV.uasset" to "C:/Users/vigov/Documents/GitHub/RobinHood/Content/StarterContent/Particles/Materials/M_smoke_subUV.uasset"
[2017.07.05-09.39.51:257][  0]LogPackFactory: Copied "../../../Samples/StarterContent/Content/StarterContent/Particles/Materials/M_Spark.uasset" to "C:/Users/vigov/Documents/GitHub/RobinHood/Content/StarterContent/Particles/Materials/M_Spark.uasset"
[2017.07.05-09.39.51:276][  0]LogPackFactory: Copied "../../../Samples/StarterContent/Content/StarterContent/Props/MaterialSphere.uasset" to "C:/Users/vigov/Documents/GitHub/RobinHood/Content/StarterContent/Props/MaterialSphere.uasset"
[2017.07.05-09.39.51:284][  0]LogPackFactory: Copied "../../../Samples/StarterContent/Content/StarterContent/Props/SM_Bush.uasset" to "C:/Users/vigov/Documents/GitHub/RobinHood/Content/StarterContent/Props/SM_Bush.uasset"
[2017.07.05-09.39.51:293][  0]LogPackFactory: Copied "../../../Samples/StarterContent/Content/StarterContent/Props/SM_Chair.uasset" to "C:/Users/vigov/Documents/GitHub/RobinHood/Content/StarterContent/Props/SM_Chair.uasset"
[2017.07.05-09.39.51:327][  0]LogPackFactory: Copied "../../../Samples/StarterContent/Content/StarterContent/Props/SM_CornerFrame.uasset" to "C:/Users/vigov/Documents/GitHub/RobinHood/Content/StarterContent/Props/SM_CornerFrame.uasset"
[2017.07.05-09.39.51:348][  0]LogPackFactory: Copied "../../../Samples/StarterContent/Content/StarterContent/Props/SM_Couch.uasset" to "C:/Users/vigov/Documents/GitHub/RobinHood/Content/StarterContent/Props/SM_Couch.uasset"
[2017.07.05-09.39.51:373][  0]LogPackFactory: Copied "../../../Samples/StarterContent/Content/StarterContent/Props/SM_Door.uasset" to "C:/Users/vigov/Documents/GitHub/RobinHood/Content/StarterContent/Props/SM_Door.uasset"
[2017.07.05-09.39.51:399][  0]LogPackFactory: Copied "../../../Samples/StarterContent/Content/StarterContent/Props/SM_DoorFrame.uasset" to "C:/Users/vigov/Documents/GitHub/RobinHood/Content/StarterContent/Props/SM_DoorFrame.uasset"
[2017.07.05-09.39.51:422][  0]LogPackFactory: Copied "../../../Samples/StarterContent/Content/StarterContent/Props/SM_GlassWindow.uasset" to "C:/Users/vigov/Documents/GitHub/RobinHood/Content/StarterContent/Props/SM_GlassWindow.uasset"
[2017.07.05-09.39.51:459][  0]LogPackFactory: Copied "../../../Samples/StarterContent/Content/StarterContent/Props/SM_Lamp_Ceiling.uasset" to "C:/Users/vigov/Documents/GitHub/RobinHood/Content/StarterContent/Props/SM_Lamp_Ceiling.uasset"
[2017.07.05-09.39.51:493][  0]LogPackFactory: Copied "../../../Samples/StarterContent/Content/StarterContent/Props/SM_Lamp_Wall.uasset" to "C:/Users/vigov/Documents/GitHub/RobinHood/Content/StarterContent/Props/SM_Lamp_Wall.uasset"
[2017.07.05-09.39.51:537][  0]LogPackFactory: Copied "../../../Samples/StarterContent/Content/StarterContent/Props/SM_MatPreviewMesh_02.uasset" to "C:/Users/vigov/Documents/GitHub/RobinHood/Content/StarterContent/Props/SM_MatPreviewMesh_02.uasset"
[2017.07.05-09.39.51:549][  0]LogPackFactory: Copied "../../../Samples/StarterContent/Content/StarterContent/Props/SM_PillarFrame.uasset" to "C:/Users/vigov/Documents/GitHub/RobinHood/Content/StarterContent/Props/SM_PillarFrame.uasset"
[2017.07.05-09.39.51:571][  0]LogPackFactory: Copied "../../../Samples/StarterContent/Content/StarterContent/Props/SM_PillarFrame300.uasset" to "C:/Users/vigov/Documents/GitHub/RobinHood/Content/StarterContent/Props/SM_PillarFrame300.uasset"
[2017.07.05-09.39.51:592][  0]LogPackFactory: Copied "../../../Samples/StarterContent/Content/StarterContent/Props/SM_Rock.uasset" to "C:/Users/vigov/Documents/GitHub/RobinHood/Content/StarterContent/Props/SM_Rock.uasset"
[2017.07.05-09.39.51:614][  0]LogPackFactory: Copied "../../../Samples/StarterContent/Content/StarterContent/Props/SM_Shelf.uasset" to "C:/Users/vigov/Documents/GitHub/RobinHood/Content/StarterContent/Props/SM_Shelf.uasset"
[2017.07.05-09.39.51:624][  0]LogPackFactory: Copied "../../../Samples/StarterContent/Content/StarterContent/Props/SM_Stairs.uasset" to "C:/Users/vigov/Documents/GitHub/RobinHood/Content/StarterContent/Props/SM_Stairs.uasset"
[2017.07.05-09.39.51:654][  0]LogPackFactory: Copied "../../../Samples/StarterContent/Content/StarterContent/Props/SM_Statue.uasset" to "C:/Users/vigov/Documents/GitHub/RobinHood/Content/StarterContent/Props/SM_Statue.uasset"
[2017.07.05-09.39.51:684][  0]LogPackFactory: Copied "../../../Samples/StarterContent/Content/StarterContent/Props/SM_TableRound.uasset" to "C:/Users/vigov/Documents/GitHub/RobinHood/Content/StarterContent/Props/SM_TableRound.uasset"
[2017.07.05-09.39.51:712][  0]LogPackFactory: Copied "../../../Samples/StarterContent/Content/StarterContent/Props/SM_WindowFrame.uasset" to "C:/Users/vigov/Documents/GitHub/RobinHood/Content/StarterContent/Props/SM_WindowFrame.uasset"
[2017.07.05-09.39.51:736][  0]LogPackFactory: Copied "../../../Samples/StarterContent/Content/StarterContent/Props/Materials/M_Bush.uasset" to "C:/Users/vigov/Documents/GitHub/RobinHood/Content/StarterContent/Props/Materials/M_Bush.uasset"
[2017.07.05-09.39.51:755][  0]LogPackFactory: Copied "../../../Samples/StarterContent/Content/StarterContent/Props/Materials/M_Chair.uasset" to "C:/Users/vigov/Documents/GitHub/RobinHood/Content/StarterContent/Props/Materials/M_Chair.uasset"
[2017.07.05-09.39.51:784][  0]LogPackFactory: Copied "../../../Samples/StarterContent/Content/StarterContent/Props/Materials/M_Door.uasset" to "C:/Users/vigov/Documents/GitHub/RobinHood/Content/StarterContent/Props/Materials/M_Door.uasset"
[2017.07.05-09.39.51:811][  0]LogPackFactory: Copied "../../../Samples/StarterContent/Content/StarterContent/Props/Materials/M_Frame.uasset" to "C:/Users/vigov/Documents/GitHub/RobinHood/Content/StarterContent/Props/Materials/M_Frame.uasset"
[2017.07.05-09.39.51:843][  0]LogPackFactory: Copied "../../../Samples/StarterContent/Content/StarterContent/Props/Materials/M_Lamp.uasset" to "C:/Users/vigov/Documents/GitHub/RobinHood/Content/StarterContent/Props/Materials/M_Lamp.uasset"
[2017.07.05-09.39.51:876][  0]LogPackFactory: Copied "../../../Samples/StarterContent/Content/StarterContent/Props/Materials/M_MaterialSphere.uasset" to "C:/Users/vigov/Documents/GitHub/RobinHood/Content/StarterContent/Props/Materials/M_MaterialSphere.uasset"
[2017.07.05-09.39.51:899][  0]LogPackFactory: Copied "../../../Samples/StarterContent/Content/StarterContent/Props/Materials/M_MaterialSphere_Plain.uasset" to "C:/Users/vigov/Documents/GitHub/RobinHood/Content/StarterContent/Props/Materials/M_MaterialSphere_Plain.uasset"
[2017.07.05-09.39.51:917][  0]LogPackFactory: Copied "../../../Samples/StarterContent/Content/StarterContent/Props/Materials/M_Rock.uasset" to "C:/Users/vigov/Documents/GitHub/RobinHood/Content/StarterContent/Props/Materials/M_Rock.uasset"
[2017.07.05-09.39.51:950][  0]LogPackFactory: Copied "../../../Samples/StarterContent/Content/StarterContent/Props/Materials/M_Shelf.uasset" to "C:/Users/vigov/Documents/GitHub/RobinHood/Content/StarterContent/Props/Materials/M_Shelf.uasset"
[2017.07.05-09.39.51:956][  0]LogPackFactory: Copied "../../../Samples/StarterContent/Content/StarterContent/Props/Materials/M_Statue.uasset" to "C:/Users/vigov/Documents/GitHub/RobinHood/Content/StarterContent/Props/Materials/M_Statue.uasset"
[2017.07.05-09.39.51:975][  0]LogPackFactory: Copied "../../../Samples/StarterContent/Content/StarterContent/Props/Materials/M_StatueGlass.uasset" to "C:/Users/vigov/Documents/GitHub/RobinHood/Content/StarterContent/Props/Materials/M_StatueGlass.uasset"
[2017.07.05-09.39.51:994][  0]LogPackFactory: Copied "../../../Samples/StarterContent/Content/StarterContent/Props/Materials/M_TableRound.uasset" to "C:/Users/vigov/Documents/GitHub/RobinHood/Content/StarterContent/Props/Materials/M_TableRound.uasset"
[2017.07.05-09.39.52:016][  0]LogPackFactory: Copied "../../../Samples/StarterContent/Content/StarterContent/Shapes/Shape_Cone.uasset" to "C:/Users/vigov/Documents/GitHub/RobinHood/Content/StarterContent/Shapes/Shape_Cone.uasset"
[2017.07.05-09.39.52:040][  0]LogPackFactory: Copied "../../../Samples/StarterContent/Content/StarterContent/Shapes/Shape_Cube.uasset" to "C:/Users/vigov/Documents/GitHub/RobinHood/Content/StarterContent/Shapes/Shape_Cube.uasset"
[2017.07.05-09.39.52:060][  0]LogPackFactory: Copied "../../../Samples/StarterContent/Content/StarterContent/Shapes/Shape_Cylinder.uasset" to "C:/Users/vigov/Documents/GitHub/RobinHood/Content/StarterContent/Shapes/Shape_Cylinder.uasset"
[2017.07.05-09.39.52:077][  0]LogPackFactory: Copied "../../../Samples/StarterContent/Content/StarterContent/Shapes/Shape_NarrowCapsule.uasset" to "C:/Users/vigov/Documents/GitHub/RobinHood/Content/StarterContent/Shapes/Shape_NarrowCapsule.uasset"
[2017.07.05-09.39.52:102][  0]LogPackFactory: Copied "../../../Samples/StarterContent/Content/StarterContent/Shapes/Shape_Pipe.uasset" to "C:/Users/vigov/Documents/GitHub/RobinHood/Content/StarterContent/Shapes/Shape_Pipe.uasset"
[2017.07.05-09.39.52:129][  0]LogPackFactory: Copied "../../../Samples/StarterContent/Content/StarterContent/Shapes/Shape_Pipe_180.uasset" to "C:/Users/vigov/Documents/GitHub/RobinHood/Content/StarterContent/Shapes/Shape_Pipe_180.uasset"
[2017.07.05-09.39.52:151][  0]LogPackFactory: Copied "../../../Samples/StarterContent/Content/StarterContent/Shapes/Shape_Pipe_90.uasset" to "C:/Users/vigov/Documents/GitHub/RobinHood/Content/StarterContent/Shapes/Shape_Pipe_90.uasset"
[2017.07.05-09.39.52:179][  0]LogPackFactory: Copied "../../../Samples/StarterContent/Content/StarterContent/Shapes/Shape_Plane.uasset" to "C:/Users/vigov/Documents/GitHub/RobinHood/Content/StarterContent/Shapes/Shape_Plane.uasset"
[2017.07.05-09.39.52:185][  0]LogPackFactory: Copied "../../../Samples/StarterContent/Content/StarterContent/Shapes/Shape_QuadPyramid.uasset" to "C:/Users/vigov/Documents/GitHub/RobinHood/Content/StarterContent/Shapes/Shape_QuadPyramid.uasset"
[2017.07.05-09.39.52:210][  0]LogPackFactory: Copied "../../../Samples/StarterContent/Content/StarterContent/Shapes/Shape_Sphere.uasset" to "C:/Users/vigov/Documents/GitHub/RobinHood/Content/StarterContent/Shapes/Shape_Sphere.uasset"
[2017.07.05-09.39.52:238][  0]LogPackFactory: Copied "../../../Samples/StarterContent/Content/StarterContent/Shapes/Shape_Torus.uasset" to "C:/Users/vigov/Documents/GitHub/RobinHood/Content/StarterContent/Shapes/Shape_Torus.uasset"
[2017.07.05-09.39.52:272][  0]LogPackFactory: Copied "../../../Samples/StarterContent/Content/StarterContent/Shapes/Shape_Trim.uasset" to "C:/Users/vigov/Documents/GitHub/RobinHood/Content/StarterContent/Shapes/Shape_Trim.uasset"
[2017.07.05-09.39.52:287][  0]LogPackFactory: Copied "../../../Samples/StarterContent/Content/StarterContent/Shapes/Shape_Trim_90_In.uasset" to "C:/Users/vigov/Documents/GitHub/RobinHood/Content/StarterContent/Shapes/Shape_Trim_90_In.uasset"
[2017.07.05-09.39.52:304][  0]LogPackFactory: Copied "../../../Samples/StarterContent/Content/StarterContent/Shapes/Shape_Trim_90_Out.uasset" to "C:/Users/vigov/Documents/GitHub/RobinHood/Content/StarterContent/Shapes/Shape_Trim_90_Out.uasset"
[2017.07.05-09.39.52:319][  0]LogPackFactory: Copied "../../../Samples/StarterContent/Content/StarterContent/Shapes/Shape_TriPyramid.uasset" to "C:/Users/vigov/Documents/GitHub/RobinHood/Content/StarterContent/Shapes/Shape_TriPyramid.uasset"
[2017.07.05-09.39.52:336][  0]LogPackFactory: Copied "../../../Samples/StarterContent/Content/StarterContent/Shapes/Shape_Tube.uasset" to "C:/Users/vigov/Documents/GitHub/RobinHood/Content/StarterContent/Shapes/Shape_Tube.uasset"
[2017.07.05-09.39.52:345][  0]LogPackFactory: Copied "../../../Samples/StarterContent/Content/StarterContent/Shapes/Shape_Wedge_A.uasset" to "C:/Users/vigov/Documents/GitHub/RobinHood/Content/StarterContent/Shapes/Shape_Wedge_A.uasset"
[2017.07.05-09.39.52:354][  0]LogPackFactory: Copied "../../../Samples/StarterContent/Content/StarterContent/Shapes/Shape_Wedge_B.uasset" to "C:/Users/vigov/Documents/GitHub/RobinHood/Content/StarterContent/Shapes/Shape_Wedge_B.uasset"
[2017.07.05-09.39.52:364][  0]LogPackFactory: Copied "../../../Samples/StarterContent/Content/StarterContent/Shapes/Shape_WideCapsule.uasset" to "C:/Users/vigov/Documents/GitHub/RobinHood/Content/StarterContent/Shapes/Shape_WideCapsule.uasset"
[2017.07.05-09.39.52:471][  0]LogPackFactory: Copied "../../../Samples/StarterContent/Content/StarterContent/Textures/T_Brick_Clay_Beveled_D.uasset" to "C:/Users/vigov/Documents/GitHub/RobinHood/Content/StarterContent/Textures/T_Brick_Clay_Beveled_D.uasset"
[2017.07.05-09.39.52:577][  0]LogPackFactory: Copied "../../../Samples/StarterContent/Content/StarterContent/Textures/T_Brick_Clay_Beveled_M.uasset" to "C:/Users/vigov/Documents/GitHub/RobinHood/Content/StarterContent/Textures/T_Brick_Clay_Beveled_M.uasset"
[2017.07.05-09.39.52:706][  0]LogPackFactory: Copied "../../../Samples/StarterContent/Content/StarterContent/Textures/T_Brick_Clay_Beveled_N.uasset" to "C:/Users/vigov/Documents/GitHub/RobinHood/Content/StarterContent/Textures/T_Brick_Clay_Beveled_N.uasset"
[2017.07.05-09.39.52:775][  0]LogPackFactory: Copied "../../../Samples/StarterContent/Content/StarterContent/Textures/T_Brick_Clay_New_D.uasset" to "C:/Users/vigov/Documents/GitHub/RobinHood/Content/StarterContent/Textures/T_Brick_Clay_New_D.uasset"
[2017.07.05-09.39.52:880][  0]LogPackFactory: Copied "../../../Samples/StarterContent/Content/StarterContent/Textures/T_Brick_Clay_New_M.uasset" to "C:/Users/vigov/Documents/GitHub/RobinHood/Content/StarterContent/Textures/T_Brick_Clay_New_M.uasset"
[2017.07.05-09.39.52:957][  0]LogPackFactory: Copied "../../../Samples/StarterContent/Content/StarterContent/Textures/T_Brick_Clay_New_N.uasset" to "C:/Users/vigov/Documents/GitHub/RobinHood/Content/StarterContent/Textures/T_Brick_Clay_New_N.uasset"
[2017.07.05-09.39.53:071][  0]LogPackFactory: Copied "../../../Samples/StarterContent/Content/StarterContent/Textures/T_Brick_Clay_Old_D.uasset" to "C:/Users/vigov/Documents/GitHub/RobinHood/Content/StarterContent/Textures/T_Brick_Clay_Old_D.uasset"
[2017.07.05-09.39.53:175][  0]LogPackFactory: Copied "../../../Samples/StarterContent/Content/StarterContent/Textures/T_Brick_Clay_Old_N.uasset" to "C:/Users/vigov/Documents/GitHub/RobinHood/Content/StarterContent/Textures/T_Brick_Clay_Old_N.uasset"
[2017.07.05-09.39.53:327][  0]LogPackFactory: Copied "../../../Samples/StarterContent/Content/StarterContent/Textures/T_Brick_Cut_Stone_D.uasset" to "C:/Users/vigov/Documents/GitHub/RobinHood/Content/StarterContent/Textures/T_Brick_Cut_Stone_D.uasset"
[2017.07.05-09.39.53:455][  0]LogPackFactory: Copied "../../../Samples/StarterContent/Content/StarterContent/Textures/T_Brick_Cut_Stone_N.uasset" to "C:/Users/vigov/Documents/GitHub/RobinHood/Content/StarterContent/Textures/T_Brick_Cut_Stone_N.uasset"
[2017.07.05-09.39.53:562][  0]LogPackFactory: Copied "../../../Samples/StarterContent/Content/StarterContent/Textures/T_Brick_Hewn_Stone_D.uasset" to "C:/Users/vigov/Documents/GitHub/RobinHood/Content/StarterContent/Textures/T_Brick_Hewn_Stone_D.uasset"
[2017.07.05-09.39.53:665][  0]LogPackFactory: Copied "../../../Samples/StarterContent/Content/StarterContent/Textures/T_Brick_Hewn_Stone_M.uasset" to "C:/Users/vigov/Documents/GitHub/RobinHood/Content/StarterContent/Textures/T_Brick_Hewn_Stone_M.uasset"
[2017.07.05-09.39.53:791][  0]LogPackFactory: Copied "../../../Samples/StarterContent/Content/StarterContent/Textures/T_Brick_Hewn_Stone_N.uasset" to "C:/Users/vigov/Documents/GitHub/RobinHood/Content/StarterContent/Textures/T_Brick_Hewn_Stone_N.uasset"
[2017.07.05-09.39.53:827][  0]LogPackFactory: Copied "../../../Samples/StarterContent/Content/StarterContent/Textures/T_Burst_M.uasset" to "C:/Users/vigov/Documents/GitHub/RobinHood/Content/StarterContent/Textures/T_Burst_M.uasset"
[2017.07.05-09.39.53:861][  0]LogPackFactory: Copied "../../../Samples/StarterContent/Content/StarterContent/Textures/T_Bush_D.uasset" to "C:/Users/vigov/Documents/GitHub/RobinHood/Content/StarterContent/Textures/T_Bush_D.uasset"
[2017.07.05-09.39.53:906][  0]LogPackFactory: Copied "../../../Samples/StarterContent/Content/StarterContent/Textures/T_Bush_N.uasset" to "C:/Users/vigov/Documents/GitHub/RobinHood/Content/StarterContent/Textures/T_Bush_N.uasset"
[2017.07.05-09.39.53:944][  0]LogPackFactory: Copied "../../../Samples/StarterContent/Content/StarterContent/Textures/T_Ceramic_Tile_M.uasset" to "C:/Users/vigov/Documents/GitHub/RobinHood/Content/StarterContent/Textures/T_Ceramic_Tile_M.uasset"
[2017.07.05-09.39.53:974][  0]LogPackFactory: Copied "../../../Samples/StarterContent/Content/StarterContent/Textures/T_Ceramic_Tile_N.uasset" to "C:/Users/vigov/Documents/GitHub/RobinHood/Content/StarterContent/Textures/T_Ceramic_Tile_N.uasset"
[2017.07.05-09.39.54:057][  0]LogPackFactory: Copied "../../../Samples/StarterContent/Content/StarterContent/Textures/T_Chair_M.uasset" to "C:/Users/vigov/Documents/GitHub/RobinHood/Content/StarterContent/Textures/T_Chair_M.uasset"
[2017.07.05-09.39.54:107][  0]LogPackFactory: Copied "../../../Samples/StarterContent/Content/StarterContent/Textures/T_Chair_N.uasset" to "C:/Users/vigov/Documents/GitHub/RobinHood/Content/StarterContent/Textures/T_Chair_N.uasset"
[2017.07.05-09.39.54:141][  0]LogPackFactory: Copied "../../../Samples/StarterContent/Content/StarterContent/Textures/T_Checker_Noise_M.uasset" to "C:/Users/vigov/Documents/GitHub/RobinHood/Content/StarterContent/Textures/T_Checker_Noise_M.uasset"
[2017.07.05-09.39.54:272][  0]LogPackFactory: Copied "../../../Samples/StarterContent/Content/StarterContent/Textures/T_CobbleStone_Pebble_D.uasset" to "C:/Users/vigov/Documents/GitHub/RobinHood/Content/StarterContent/Textures/T_CobbleStone_Pebble_D.uasset"
[2017.07.05-09.39.54:309][  0]LogPackFactory: Copied "../../../Samples/StarterContent/Content/StarterContent/Textures/T_CobbleStone_Pebble_M.uasset" to "C:/Users/vigov/Documents/GitHub/RobinHood/Content/StarterContent/Textures/T_CobbleStone_Pebble_M.uasset"
[2017.07.05-09.39.54:445][  0]LogPackFactory: Copied "../../../Samples/StarterContent/Content/StarterContent/Textures/T_CobbleStone_Pebble_N.uasset" to "C:/Users/vigov/Documents/GitHub/RobinHood/Content/StarterContent/Textures/T_CobbleStone_Pebble_N.uasset"
[2017.07.05-09.39.54:496][  0]LogPackFactory: Copied "../../../Samples/StarterContent/Content/StarterContent/Textures/T_CobbleStone_Rough_D.uasset" to "C:/Users/vigov/Documents/GitHub/RobinHood/Content/StarterContent/Textures/T_CobbleStone_Rough_D.uasset"
[2017.07.05-09.39.54:555][  0]LogPackFactory: Copied "../../../Samples/StarterContent/Content/StarterContent/Textures/T_CobbleStone_Rough_N.uasset" to "C:/Users/vigov/Documents/GitHub/RobinHood/Content/StarterContent/Textures/T_CobbleStone_Rough_N.uasset"
[2017.07.05-09.39.54:660][  0]LogPackFactory: Copied "../../../Samples/StarterContent/Content/StarterContent/Textures/T_CobbleStone_Smooth_D.uasset" to "C:/Users/vigov/Documents/GitHub/RobinHood/Content/StarterContent/Textures/T_CobbleStone_Smooth_D.uasset"
[2017.07.05-09.39.54:753][  0]LogPackFactory: Copied "../../../Samples/StarterContent/Content/StarterContent/Textures/T_CobbleStone_Smooth_M.uasset" to "C:/Users/vigov/Documents/GitHub/RobinHood/Content/StarterContent/Textures/T_CobbleStone_Smooth_M.uasset"
[2017.07.05-09.39.54:888][  0]LogPackFactory: Copied "../../../Samples/StarterContent/Content/StarterContent/Textures/T_CobbleStone_Smooth_N.uasset" to "C:/Users/vigov/Documents/GitHub/RobinHood/Content/StarterContent/Textures/T_CobbleStone_Smooth_N.uasset"
[2017.07.05-09.39.55:026][  0]LogPackFactory: Copied "../../../Samples/StarterContent/Content/StarterContent/Textures/T_Concrete_Grime_D.uasset" to "C:/Users/vigov/Documents/GitHub/RobinHood/Content/StarterContent/Textures/T_Concrete_Grime_D.uasset"
[2017.07.05-09.39.55:138][  0]LogPackFactory: Copied "../../../Samples/StarterContent/Content/StarterContent/Textures/T_Concrete_Panels_D.uasset" to "C:/Users/vigov/Documents/GitHub/RobinHood/Content/StarterContent/Textures/T_Concrete_Panels_D.uasset"
[2017.07.05-09.39.55:230][  0]LogPackFactory: Copied "../../../Samples/StarterContent/Content/StarterContent/Textures/T_Concrete_Panels_N.uasset" to "C:/Users/vigov/Documents/GitHub/RobinHood/Content/StarterContent/Textures/T_Concrete_Panels_N.uasset"
[2017.07.05-09.39.55:386][  0]LogPackFactory: Copied "../../../Samples/StarterContent/Content/StarterContent/Textures/T_Concrete_Poured_D.uasset" to "C:/Users/vigov/Documents/GitHub/RobinHood/Content/StarterContent/Textures/T_Concrete_Poured_D.uasset"
[2017.07.05-09.39.55:499][  0]LogPackFactory: Copied "../../../Samples/StarterContent/Content/StarterContent/Textures/T_Concrete_Poured_N.uasset" to "C:/Users/vigov/Documents/GitHub/RobinHood/Content/StarterContent/Textures/T_Concrete_Poured_N.uasset"
[2017.07.05-09.39.55:562][  0]LogPackFactory: Copied "../../../Samples/StarterContent/Content/StarterContent/Textures/T_Concrete_Tiles_D.uasset" to "C:/Users/vigov/Documents/GitHub/RobinHood/Content/StarterContent/Textures/T_Concrete_Tiles_D.uasset"
[2017.07.05-09.39.55:647][  0]LogPackFactory: Copied "../../../Samples/StarterContent/Content/StarterContent/Textures/T_Concrete_Tiles_M.uasset" to "C:/Users/vigov/Documents/GitHub/RobinHood/Content/StarterContent/Textures/T_Concrete_Tiles_M.uasset"
[2017.07.05-09.39.55:777][  0]LogPackFactory: Copied "../../../Samples/StarterContent/Content/StarterContent/Textures/T_Concrete_Tiles_N.uasset" to "C:/Users/vigov/Documents/GitHub/RobinHood/Content/StarterContent/Textures/T_Concrete_Tiles_N.uasset"
[2017.07.05-09.39.55:799][  0]LogPackFactory: Copied "../../../Samples/StarterContent/Content/StarterContent/Textures/T_Concrete_Tiles_Variation_M.uasset" to "C:/Users/vigov/Documents/GitHub/RobinHood/Content/StarterContent/Textures/T_Concrete_Tiles_Variation_M.uasset"
[2017.07.05-09.39.55:872][  0]LogPackFactory: Copied "../../../Samples/StarterContent/Content/StarterContent/Textures/T_Detail_Rocky_N.uasset" to "C:/Users/vigov/Documents/GitHub/RobinHood/Content/StarterContent/Textures/T_Detail_Rocky_N.uasset"
[2017.07.05-09.39.55:903][  0]LogPackFactory: Copied "../../../Samples/StarterContent/Content/StarterContent/Textures/T_Door_M.uasset" to "C:/Users/vigov/Documents/GitHub/RobinHood/Content/StarterContent/Textures/T_Door_M.uasset"
[2017.07.05-09.39.55:936][  0]LogPackFactory: Copied "../../../Samples/StarterContent/Content/StarterContent/Textures/T_Door_N.uasset" to "C:/Users/vigov/Documents/GitHub/RobinHood/Content/StarterContent/Textures/T_Door_N.uasset"
[2017.07.05-09.39.55:962][  0]LogPackFactory: Copied "../../../Samples/StarterContent/Content/StarterContent/Textures/T_Dust_Particle_D.uasset" to "C:/Users/vigov/Documents/GitHub/RobinHood/Content/StarterContent/Textures/T_Dust_Particle_D.uasset"
[2017.07.05-09.39.55:994][  0]LogPackFactory: Copied "../../../Samples/StarterContent/Content/StarterContent/Textures/T_Explosion_SubUV.uasset" to "C:/Users/vigov/Documents/GitHub/RobinHood/Content/StarterContent/Textures/T_Explosion_SubUV.uasset"
[2017.07.05-09.39.56:014][  0]LogPackFactory: Copied "../../../Samples/StarterContent/Content/StarterContent/Textures/T_Fire_SubUV.uasset" to "C:/Users/vigov/Documents/GitHub/RobinHood/Content/StarterContent/Textures/T_Fire_SubUV.uasset"
[2017.07.05-09.39.56:055][  0]LogPackFactory: Copied "../../../Samples/StarterContent/Content/StarterContent/Textures/T_Fire_Tiled_D.uasset" to "C:/Users/vigov/Documents/GitHub/RobinHood/Content/StarterContent/Textures/T_Fire_Tiled_D.uasset"
[2017.07.05-09.39.56:081][  0]LogPackFactory: Copied "../../../Samples/StarterContent/Content/StarterContent/Textures/T_Frame_M.uasset" to "C:/Users/vigov/Documents/GitHub/RobinHood/Content/StarterContent/Textures/T_Frame_M.uasset"
[2017.07.05-09.39.56:111][  0]LogPackFactory: Copied "../../../Samples/StarterContent/Content/StarterContent/Textures/T_Frame_N.uasset" to "C:/Users/vigov/Documents/GitHub/RobinHood/Content/StarterContent/Textures/T_Frame_N.uasset"
[2017.07.05-09.39.56:134][  0]LogPackFactory: Copied "../../../Samples/StarterContent/Content/StarterContent/Textures/T_Gradinet_01.uasset" to "C:/Users/vigov/Documents/GitHub/RobinHood/Content/StarterContent/Textures/T_Gradinet_01.uasset"
[2017.07.05-09.39.56:237][  0]LogPackFactory: Copied "../../../Samples/StarterContent/Content/StarterContent/Textures/T_Ground_Grass_D.uasset" to "C:/Users/vigov/Documents/GitHub/RobinHood/Content/StarterContent/Textures/T_Ground_Grass_D.uasset"
[2017.07.05-09.39.56:343][  0]LogPackFactory: Copied "../../../Samples/StarterContent/Content/StarterContent/Textures/T_Ground_Grass_N.uasset" to "C:/Users/vigov/Documents/GitHub/RobinHood/Content/StarterContent/Textures/T_Ground_Grass_N.uasset"
[2017.07.05-09.39.56:451][  0]LogPackFactory: Copied "../../../Samples/StarterContent/Content/StarterContent/Textures/T_Ground_Gravel_D.uasset" to "C:/Users/vigov/Documents/GitHub/RobinHood/Content/StarterContent/Textures/T_Ground_Gravel_D.uasset"
[2017.07.05-09.39.56:537][  0]LogPackFactory: Copied "../../../Samples/StarterContent/Content/StarterContent/Textures/T_Ground_Gravel_N.uasset" to "C:/Users/vigov/Documents/GitHub/RobinHood/Content/StarterContent/Textures/T_Ground_Gravel_N.uasset"
[2017.07.05-09.39.56:703][  0]LogPackFactory: Copied "../../../Samples/StarterContent/Content/StarterContent/Textures/T_ground_Moss_D.uasset" to "C:/Users/vigov/Documents/GitHub/RobinHood/Content/StarterContent/Textures/T_ground_Moss_D.uasset"
[2017.07.05-09.39.56:834][  0]LogPackFactory: Copied "../../../Samples/StarterContent/Content/StarterContent/Textures/T_Ground_Moss_N.uasset" to "C:/Users/vigov/Documents/GitHub/RobinHood/Content/StarterContent/Textures/T_Ground_Moss_N.uasset"
[2017.07.05-09.39.56:869][  0]LogPackFactory: Copied "../../../Samples/StarterContent/Content/StarterContent/Textures/T_Lamp_M.uasset" to "C:/Users/vigov/Documents/GitHub/RobinHood/Content/StarterContent/Textures/T_Lamp_M.uasset"
[2017.07.05-09.39.56:912][  0]LogPackFactory: Copied "../../../Samples/StarterContent/Content/StarterContent/Textures/T_Lamp_N.uasset" to "C:/Users/vigov/Documents/GitHub/RobinHood/Content/StarterContent/Textures/T_Lamp_N.uasset"
[2017.07.05-09.39.57:047][  0]LogPackFactory: Copied "../../../Samples/StarterContent/Content/StarterContent/Textures/T_MacroVariation.uasset" to "C:/Users/vigov/Documents/GitHub/RobinHood/Content/StarterContent/Textures/T_MacroVariation.uasset"
[2017.07.05-09.39.57:157][  0]LogPackFactory: Copied "../../../Samples/StarterContent/Content/StarterContent/Textures/T_Metal_Aluminum_D.uasset" to "C:/Users/vigov/Documents/GitHub/RobinHood/Content/StarterContent/Textures/T_Metal_Aluminum_D.uasset"
[2017.07.05-09.39.57:283][  0]LogPackFactory: Copied "../../../Samples/StarterContent/Content/StarterContent/Textures/T_Metal_Copper_D.uasset" to "C:/Users/vigov/Documents/GitHub/RobinHood/Content/StarterContent/Textures/T_Metal_Copper_D.uasset"
[2017.07.05-09.39.57:397][  0]LogPackFactory: Copied "../../../Samples/StarterContent/Content/StarterContent/Textures/T_Metal_Gold_D.uasset" to "C:/Users/vigov/Documents/GitHub/RobinHood/Content/StarterContent/Textures/T_Metal_Gold_D.uasset"
[2017.07.05-09.39.57:477][  0]LogPackFactory: Copied "../../../Samples/StarterContent/Content/StarterContent/Textures/T_Metal_Gold_N.uasset" to "C:/Users/vigov/Documents/GitHub/RobinHood/Content/StarterContent/Textures/T_Metal_Gold_N.uasset"
[2017.07.05-09.39.57:602][  0]LogPackFactory: Copied "../../../Samples/StarterContent/Content/StarterContent/Textures/T_Metal_Rust_D.uasset" to "C:/Users/vigov/Documents/GitHub/RobinHood/Content/StarterContent/Textures/T_Metal_Rust_D.uasset"
[2017.07.05-09.39.57:716][  0]LogPackFactory: Copied "../../../Samples/StarterContent/Content/StarterContent/Textures/T_Metal_Rust_N.uasset" to "C:/Users/vigov/Documents/GitHub/RobinHood/Content/StarterContent/Textures/T_Metal_Rust_N.uasset"
[2017.07.05-09.39.57:785][  0]LogPackFactory: Copied "../../../Samples/StarterContent/Content/StarterContent/Textures/T_Metal_Steel_D.uasset" to "C:/Users/vigov/Documents/GitHub/RobinHood/Content/StarterContent/Textures/T_Metal_Steel_D.uasset"
[2017.07.05-09.39.57:878][  0]LogPackFactory: Copied "../../../Samples/StarterContent/Content/StarterContent/Textures/T_Metal_Steel_N.uasset" to "C:/Users/vigov/Documents/GitHub/RobinHood/Content/StarterContent/Textures/T_Metal_Steel_N.uasset"
[2017.07.05-09.39.57:981][  0]LogPackFactory: Copied "../../../Samples/StarterContent/Content/StarterContent/Textures/T_Perlin_Noise_M.uasset" to "C:/Users/vigov/Documents/GitHub/RobinHood/Content/StarterContent/Textures/T_Perlin_Noise_M.uasset"
[2017.07.05-09.39.58:065][  0]LogPackFactory: Copied "../../../Samples/StarterContent/Content/StarterContent/Textures/T_RockMesh_M.uasset" to "C:/Users/vigov/Documents/GitHub/RobinHood/Content/StarterContent/Textures/T_RockMesh_M.uasset"
[2017.07.05-09.39.58:155][  0]LogPackFactory: Copied "../../../Samples/StarterContent/Content/StarterContent/Textures/T_RockMesh_N.uasset" to "C:/Users/vigov/Documents/GitHub/RobinHood/Content/StarterContent/Textures/T_RockMesh_N.uasset"
[2017.07.05-09.39.58:264][  0]LogPackFactory: Copied "../../../Samples/StarterContent/Content/StarterContent/Textures/T_Rock_Basalt_D.uasset" to "C:/Users/vigov/Documents/GitHub/RobinHood/Content/StarterContent/Textures/T_Rock_Basalt_D.uasset"
[2017.07.05-09.39.58:381][  0]LogPackFactory: Copied "../../../Samples/StarterContent/Content/StarterContent/Textures/T_Rock_Basalt_N.uasset" to "C:/Users/vigov/Documents/GitHub/RobinHood/Content/StarterContent/Textures/T_Rock_Basalt_N.uasset"
[2017.07.05-09.39.58:486][  0]LogPackFactory: Copied "../../../Samples/StarterContent/Content/StarterContent/Textures/T_Rock_Marble_Polished_D.uasset" to "C:/Users/vigov/Documents/GitHub/RobinHood/Content/StarterContent/Textures/T_Rock_Marble_Polished_D.uasset"
[2017.07.05-09.39.58:609][  0]LogPackFactory: Copied "../../../Samples/StarterContent/Content/StarterContent/Textures/T_Rock_Sandstone_D.uasset" to "C:/Users/vigov/Documents/GitHub/RobinHood/Content/StarterContent/Textures/T_Rock_Sandstone_D.uasset"
[2017.07.05-09.39.58:725][  0]LogPackFactory: Copied "../../../Samples/StarterContent/Content/StarterContent/Textures/T_Rock_Sandstone_N.uasset" to "C:/Users/vigov/Documents/GitHub/RobinHood/Content/StarterContent/Textures/T_Rock_Sandstone_N.uasset"
[2017.07.05-09.39.58:886][  0]LogPackFactory: Copied "../../../Samples/StarterContent/Content/StarterContent/Textures/T_Rock_Slate_D.uasset" to "C:/Users/vigov/Documents/GitHub/RobinHood/Content/StarterContent/Textures/T_Rock_Slate_D.uasset"
[2017.07.05-09.39.59:001][  0]LogPackFactory: Copied "../../../Samples/StarterContent/Content/StarterContent/Textures/T_Rock_Slate_N.uasset" to "C:/Users/vigov/Documents/GitHub/RobinHood/Content/StarterContent/Textures/T_Rock_Slate_N.uasset"
[2017.07.05-09.39.59:112][  0]LogPackFactory: Copied "../../../Samples/StarterContent/Content/StarterContent/Textures/T_Rock_Smooth_Granite_D.uasset" to "C:/Users/vigov/Documents/GitHub/RobinHood/Content/StarterContent/Textures/T_Rock_Smooth_Granite_D.uasset"
[2017.07.05-09.39.59:159][  0]LogPackFactory: Copied "../../../Samples/StarterContent/Content/StarterContent/Textures/T_Shelf_M.uasset" to "C:/Users/vigov/Documents/GitHub/RobinHood/Content/StarterContent/Textures/T_Shelf_M.uasset"
[2017.07.05-09.39.59:208][  0]LogPackFactory: Copied "../../../Samples/StarterContent/Content/StarterContent/Textures/T_Shelf_N.uasset" to "C:/Users/vigov/Documents/GitHub/RobinHood/Content/StarterContent/Textures/T_Shelf_N.uasset"
[2017.07.05-09.39.59:229][  0]LogPackFactory: Copied "../../../Samples/StarterContent/Content/StarterContent/Textures/T_Single_Tile_N.uasset" to "C:/Users/vigov/Documents/GitHub/RobinHood/Content/StarterContent/Textures/T_Single_Tile_N.uasset"
[2017.07.05-09.39.59:281][  0]LogPackFactory: Copied "../../../Samples/StarterContent/Content/StarterContent/Textures/T_Smoke_SubUV.uasset" to "C:/Users/vigov/Documents/GitHub/RobinHood/Content/StarterContent/Textures/T_Smoke_SubUV.uasset"
[2017.07.05-09.39.59:314][  0]LogPackFactory: Copied "../../../Samples/StarterContent/Content/StarterContent/Textures/T_Smoke_Tiled_D.uasset" to "C:/Users/vigov/Documents/GitHub/RobinHood/Content/StarterContent/Textures/T_Smoke_Tiled_D.uasset"
[2017.07.05-09.39.59:337][  0]LogPackFactory: Copied "../../../Samples/StarterContent/Content/StarterContent/Textures/T_Spark_Core.uasset" to "C:/Users/vigov/Documents/GitHub/RobinHood/Content/StarterContent/Textures/T_Spark_Core.uasset"
[2017.07.05-09.39.59:371][  0]LogPackFactory: Copied "../../../Samples/StarterContent/Content/StarterContent/Textures/T_Statue_M.uasset" to "C:/Users/vigov/Documents/GitHub/RobinHood/Content/StarterContent/Textures/T_Statue_M.uasset"
[2017.07.05-09.39.59:435][  0]LogPackFactory: Copied "../../../Samples/StarterContent/Content/StarterContent/Textures/T_Statue_N.uasset" to "C:/Users/vigov/Documents/GitHub/RobinHood/Content/StarterContent/Textures/T_Statue_N.uasset"
[2017.07.05-09.39.59:473][  0]LogPackFactory: Copied "../../../Samples/StarterContent/Content/StarterContent/Textures/T_TableRound_M.uasset" to "C:/Users/vigov/Documents/GitHub/RobinHood/Content/StarterContent/Textures/T_TableRound_M.uasset"
[2017.07.05-09.39.59:531][  0]LogPackFactory: Copied "../../../Samples/StarterContent/Content/StarterContent/Textures/T_TableRound_N.uasset" to "C:/Users/vigov/Documents/GitHub/RobinHood/Content/StarterContent/Textures/T_TableRound_N.uasset"
[2017.07.05-09.39.59:554][  0]LogPackFactory: Copied "../../../Samples/StarterContent/Content/StarterContent/Textures/T_Tech_Dot_M.uasset" to "C:/Users/vigov/Documents/GitHub/RobinHood/Content/StarterContent/Textures/T_Tech_Dot_M.uasset"
[2017.07.05-09.39.59:587][  0]LogPackFactory: Copied "../../../Samples/StarterContent/Content/StarterContent/Textures/T_Tech_Dot_N.uasset" to "C:/Users/vigov/Documents/GitHub/RobinHood/Content/StarterContent/Textures/T_Tech_Dot_N.uasset"
[2017.07.05-09.39.59:619][  0]LogPackFactory: Copied "../../../Samples/StarterContent/Content/StarterContent/Textures/T_Tech_Hex_Tile_M.uasset" to "C:/Users/vigov/Documents/GitHub/RobinHood/Content/StarterContent/Textures/T_Tech_Hex_Tile_M.uasset"
[2017.07.05-09.39.59:652][  0]LogPackFactory: Copied "../../../Samples/StarterContent/Content/StarterContent/Textures/T_Tech_Hex_Tile_N.uasset" to "C:/Users/vigov/Documents/GitHub/RobinHood/Content/StarterContent/Textures/T_Tech_Hex_Tile_N.uasset"
[2017.07.05-09.39.59:673][  0]LogPackFactory: Copied "../../../Samples/StarterContent/Content/StarterContent/Textures/T_Tech_Panel_M.uasset" to "C:/Users/vigov/Documents/GitHub/RobinHood/Content/StarterContent/Textures/T_Tech_Panel_M.uasset"
[2017.07.05-09.39.59:717][  0]LogPackFactory: Copied "../../../Samples/StarterContent/Content/StarterContent/Textures/T_Tech_Panel_N.uasset" to "C:/Users/vigov/Documents/GitHub/RobinHood/Content/StarterContent/Textures/T_Tech_Panel_N.uasset"
[2017.07.05-09.39.59:756][  0]LogPackFactory: Copied "../../../Samples/StarterContent/Content/StarterContent/Textures/T_Water_M.uasset" to "C:/Users/vigov/Documents/GitHub/RobinHood/Content/StarterContent/Textures/T_Water_M.uasset"
[2017.07.05-09.39.59:806][  0]LogPackFactory: Copied "../../../Samples/StarterContent/Content/StarterContent/Textures/T_Water_N.uasset" to "C:/Users/vigov/Documents/GitHub/RobinHood/Content/StarterContent/Textures/T_Water_N.uasset"
[2017.07.05-09.39.59:849][  0]LogPackFactory: Copied "../../../Samples/StarterContent/Content/StarterContent/Textures/T_Wood_Floor_Walnut_D.uasset" to "C:/Users/vigov/Documents/GitHub/RobinHood/Content/StarterContent/Textures/T_Wood_Floor_Walnut_D.uasset"
[2017.07.05-09.39.59:941][  0]LogPackFactory: Copied "../../../Samples/StarterContent/Content/StarterContent/Textures/T_Wood_Floor_Walnut_M.uasset" to "C:/Users/vigov/Documents/GitHub/RobinHood/Content/StarterContent/Textures/T_Wood_Floor_Walnut_M.uasset"
[2017.07.05-09.40.00:008][  0]LogPackFactory: Copied "../../../Samples/StarterContent/Content/StarterContent/Textures/T_Wood_Floor_Walnut_N.uasset" to "C:/Users/vigov/Documents/GitHub/RobinHood/Content/StarterContent/Textures/T_Wood_Floor_Walnut_N.uasset"
[2017.07.05-09.40.00:108][  0]LogPackFactory: Copied "../../../Samples/StarterContent/Content/StarterContent/Textures/T_Wood_Oak_D.uasset" to "C:/Users/vigov/Documents/GitHub/RobinHood/Content/StarterContent/Textures/T_Wood_Oak_D.uasset"
[2017.07.05-09.40.00:192][  0]LogPackFactory: Copied "../../../Samples/StarterContent/Content/StarterContent/Textures/T_Wood_Oak_N.uasset" to "C:/Users/vigov/Documents/GitHub/RobinHood/Content/StarterContent/Textures/T_Wood_Oak_N.uasset"
[2017.07.05-09.40.00:304][  0]LogPackFactory: Copied "../../../Samples/StarterContent/Content/StarterContent/Textures/T_Wood_Pine_D.uasset" to "C:/Users/vigov/Documents/GitHub/RobinHood/Content/StarterContent/Textures/T_Wood_Pine_D.uasset"
[2017.07.05-09.40.00:402][  0]LogPackFactory: Copied "../../../Samples/StarterContent/Content/StarterContent/Textures/T_Wood_Pine_N.uasset" to "C:/Users/vigov/Documents/GitHub/RobinHood/Content/StarterContent/Textures/T_Wood_Pine_N.uasset"
[2017.07.05-09.40.00:476][  0]LogPackFactory: Copied "../../../Samples/StarterContent/Content/StarterContent/Textures/T_Wood_Walnut_D.uasset" to "C:/Users/vigov/Documents/GitHub/RobinHood/Content/StarterContent/Textures/T_Wood_Walnut_D.uasset"
[2017.07.05-09.40.00:539][  0]LogPackFactory: Copied "../../../Samples/StarterContent/Content/StarterContent/Textures/T_Wood_Walnut_N.uasset" to "C:/Users/vigov/Documents/GitHub/RobinHood/Content/StarterContent/Textures/T_Wood_Walnut_N.uasset"
[2017.07.05-09.40.00:986][  0]LogRenderer: Reallocating scene render targets to support 256x256 NumSamples 1 (Frame:1).
[2017.07.05-09.40.01:425][  0]Cmd: OBJ SAVEPACKAGE PACKAGE="/Game/StarterContent/Architecture/Floor_400x400" FILE="C:/Users/vigov/Documents/GitHub/RobinHood/Content/StarterContent/Architecture/Floor_400x400.uasset" SILENT=true
[2017.07.05-09.40.01:563][  0]LogSavePackage: Save=72.56ms
[2017.07.05-09.40.01:563][  0]LogSavePackage: Moving 'C:/Users/vigov/Documents/GitHub/RobinHood/Saved/Floor_400x4008A42E49C414A9882F01C3680C9C1CB38.tmp' to 'C:/Users/vigov/Documents/GitHub/RobinHood/Content/StarterContent/Architecture/Floor_400x400.uasset'
[2017.07.05-09.40.01:567][  0]LogSavePackage:Display: Finished SavePackage C:/Users/vigov/Documents/GitHub/RobinHood/Content/StarterContent/Architecture/Floor_400x400.uasset
[2017.07.05-09.40.01:568][  0]LogFeaturePack:Warning: Inserted 1 feature packs
[2017.07.05-09.40.01:571][  0]Cmd: MAP LOAD FILE="C:/Users/vigov/Documents/GitHub/RobinHood/Content/TopDownBP/Maps/TopDownExampleMap.umap" TEMPLATE=0 SHOWPROGRESS=1 FEATURELEVEL=3
[2017.07.05-09.40.01:571][  0]LightingResults: New page: Lighting Build
[2017.07.05-09.40.01:609][  0]MapCheck: New page: Map Check
[2017.07.05-09.40.01:609][  0]LightingResults: New page: Lighting Build
[2017.07.05-09.40.02:475][  0]LogAIModule: Creating AISystem for world TopDownExampleMap
[2017.07.05-09.40.02:651][  0]LogEditorServer: Finished looking for orphan Actors (0.000 secs)
[2017.07.05-09.40.02:709][  0]Cmd: MAP CHECKDEP NOCLEARLOG
[2017.07.05-09.40.02:770][  0]MapCheck: Info Map check complete: 0 Error(s), 0 Warning(s), took 60.781ms to complete.
[2017.07.05-09.40.02:770][  0]LogFileHelpers: Loading map 'TopDownExampleMap' took 1.199
[2017.07.05-09.40.03:278][  0]LogCollectionManager: Loaded 0 collections in 0.001347 seconds
[2017.07.05-09.40.03:431][  0]LogFileCache: Scanning file cache for directory 'C:/Users/vigov/Documents/GitHub/RobinHood/Saved/Collections/' took 0.01s
[2017.07.05-09.40.03:431][  0]LogFileCache: Scanning file cache for directory 'C:/Users/vigov/Documents/GitHub/RobinHood/Content/Developers/vigov/Collections/' took 0.01s
[2017.07.05-09.40.03:431][  0]LogFileCache: Scanning file cache for directory 'C:/Users/vigov/Documents/GitHub/RobinHood/Content/Collections/' took 0.01s
[2017.07.05-09.40.03:431][  0]LogCollectionManager: Rebuilt the GUID cache for 0 collections in 0.000001 seconds
[2017.07.05-09.40.03:442][  0]LogContentBrowser: Native class hierarchy populated in 0.0091 seconds. Added 2329 classes and 491 folders.
[2017.07.05-09.40.03:513][  0]LogContentBrowser: Native class hierarchy updated for 'WidgetCarousel' in 0.0006 seconds. Added 0 classes and 0 folders.
[2017.07.05-09.40.03:566][  0]LogContentBrowser: Native class hierarchy updated for 'AddContentDialog' in 0.0005 seconds. Added 0 classes and 0 folders.
[2017.07.05-09.40.03:649][  0]LogContentBrowser: Native class hierarchy updated for 'SceneOutliner' in 0.0005 seconds. Added 1 classes and 2 folders.
[2017.07.05-09.40.03:935][  0]LogCrashTracker: Crashtracker disabled due to settings.
[2017.07.05-09.40.03:981][  0]LogSlate: Took 0.000238 seconds to synchronously load lazily loaded font '../../../Engine/Content/Slate/Fonts/Roboto-Regular.ttf' (155K)
[2017.07.05-09.40.03:982][  0]LogSlate: Took 0.000174 seconds to synchronously load lazily loaded font '../../../Engine/Content/Slate/Fonts/Roboto-Bold.ttf' (160K)
[2017.07.05-09.40.04:012][  0]LogSlate: Took 0.014438 seconds to synchronously load lazily loaded font '../../../Engine/Content/Editor/Slate/Fonts/FontAwesome.ttf' (139K)
[2017.07.05-09.40.04:162][  0]LogRenderer: Reallocating scene render targets to support 1224x576 NumSamples 1 (Frame:1).
[2017.07.05-09.40.04:305][  0]LogSlate: Took 0.000259 seconds to synchronously load lazily loaded font '../../../Engine/Content/Slate/Fonts/Roboto-Light.ttf' (159K)
[2017.07.05-09.40.04:400][  0]LogUObjectGlobals:Warning: Failed to find object 'Class None.'
[2017.07.05-09.40.04:457][  0]LogContentBrowser: Native class hierarchy updated for 'HierarchicalLODOutliner' in 0.0005 seconds. Added 1 classes and 2 folders.
[2017.07.05-09.40.04:457][  0]LogLoad: (Engine Initialization) Total time: 32.19 seconds
[2017.07.05-09.40.04:457][  0]LogLoad: (Engine Initialization) Total Blueprint compile time: 0.27 seconds
[2017.07.05-09.40.04:457][  0]LogExternalProfiler: No external profilers were discovered.  External profiling features will not be available.
[2017.07.05-09.40.04:468][  0]LogWindowsTextInputMethodSystem:Display: IME system now deactivated.
[2017.07.05-09.40.04:469][  0]LogOcInput: OculusInput pre-init called
[2017.07.05-09.40.04:469][  0]LogHMD: Starting GearVRController plugin
[2017.07.05-09.40.04:512][  0]LogAssetRegistry: Asset discovery search completed in 25.9720 seconds
[2017.07.05-09.40.04:513][  0]LogCollectionManager: Rebuilt the object cache for 0 collections in 0.000001 seconds (found 0 objects)
[2017.07.05-09.40.04:513][  0]LogCollectionManager: Fixed up redirectors for 0 collections in 0.000020 seconds (updated 0 objects)
[2017.07.05-09.40.04:539][  0]LogContentStreaming: Texture pool size now 1000 MB
[2017.07.05-09.40.06:866][240]LogTemp: Repeting last play command: Selected Viewport
[2017.07.05-09.40.07:038][240]LogBlueprintUserMessages: Early PlayInEditor Detection: Level '/Game/TopDownBP/Maps/TopDownExampleMap.TopDownExampleMap:PersistentLevel' has LevelScriptBlueprint '/Game/TopDownBP/Maps/TopDownExampleMap.TopDownExampleMap:PersistentLevel.TopDownExampleMap' with GeneratedClass '/Game/TopDownBP/Maps/TopDownExampleMap.TopDownExampleMap_C' with ClassGeneratedBy '/Game/TopDownBP/Maps/TopDownExampleMap.TopDownExampleMap:PersistentLevel.TopDownExampleMap'
[2017.07.05-09.40.07:038][240]LogPlayLevel: PlayLevel: No blueprints needed recompiling
[2017.07.05-09.40.07:063][240]PIE: New page: PIE session: TopDownExampleMap (Jul 5, 2017, 1:40:07 PM)
[2017.07.05-09.40.07:064][240]LogPlayLevel: Creating play world package: /Game/TopDownBP/Maps/UEDPIE_0_TopDownExampleMap
[2017.07.05-09.40.07:120][240]LogPlayLevel: PIE: StaticDuplicateObject took: (0.056879s)
[2017.07.05-09.40.07:122][240]LogAIModule: Creating AISystem for world TopDownExampleMap
[2017.07.05-09.40.07:122][240]LogPlayLevel: PIE: World Init took: (0.001538s)
[2017.07.05-09.40.07:122][240]LogPlayLevel: PIE: Created PIE world by copying editor world from /Game/TopDownBP/Maps/TopDownExampleMap.TopDownExampleMap to /Game/TopDownBP/Maps/UEDPIE_0_TopDownExampleMap.TopDownExampleMap (0.058708s)
[2017.07.05-09.40.07:137][240]LogInit: XAudio2 using 'Headset Earphone (Razer Kraken 7.1)' : 2 channels at 48 kHz using 16 bits per sample (channel mask 0x3)
[2017.07.05-09.40.07:155][240]LogInit: FAudioDevice initialized.
[2017.07.05-09.40.07:208][240]LogLoad: Game class is 'TopDownGameMode_C'
[2017.07.05-09.40.07:237][240]LogWorld: Bringing World /Game/TopDownBP/Maps/UEDPIE_0_TopDownExampleMap.TopDownExampleMap up for play (max tick rate 0) at 2017.07.05-11.40.07
[2017.07.05-09.40.07:237][240]LogWorld: Bringing up level for play took: 0.016629
[2017.07.05-09.40.07:424][240]LogContentBrowser: Native class hierarchy updated for 'MovieSceneCapture' in 0.0006 seconds. Added 11 classes and 0 folders.
[2017.07.05-09.40.07:433][240]PIE: Info Play in editor start time for /Game/TopDownBP/Maps/UEDPIE_0_TopDownExampleMap -0.05
[2017.07.05-09.40.07:433][240]LogBlueprintUserMessages: Late PlayInEditor Detection: Level '/Game/TopDownBP/Maps/TopDownExampleMap.TopDownExampleMap:PersistentLevel' has LevelScriptBlueprint '/Game/TopDownBP/Maps/TopDownExampleMap.TopDownExampleMap:PersistentLevel.TopDownExampleMap' with GeneratedClass '/Game/TopDownBP/Maps/TopDownExampleMap.TopDownExampleMap_C' with ClassGeneratedBy '/Game/TopDownBP/Maps/TopDownExampleMap.TopDownExampleMap:PersistentLevel.TopDownExampleMap'
